<?xml version="1.0" encoding="UTF-8"?>
<testsuite xmlns:xsi="http://www.w3.org/2001/XMLSchema-instance" xsi:noNamespaceSchemaLocation="https://maven.apache.org/surefire/maven-surefire-plugin/xsd/surefire-test-report.xsd" name="com.itlize.Korera.dao.UserDaoTest" time="12.626" tests="6" errors="2" skipped="0" failures="0">
  <properties>
[...]
</properties>
  <testcase name="removeUsersTest" classname="com.itlize.Korera.dao.UserDaoTest" time="0.008"/>
  <testcase name="getUsersByIdTest" classname="com.itlize.Korera.dao.UserDaoTest" time="0.008">
    <error type="java.lang.NullPointerException">java.lang.NullPointerException
	at com.itlize.Korera.dao.UserDaoTest.getUsersByIdTest(UserDaoTest.java:73)
</error>
    <system-out><![CDATA[14:06:29.767 [main] DEBUG org.springframework.context.support.ClassPathXmlApplicationContext - Refreshing org.springframework.context.support.ClassPathXmlApplicationContext@463561c5
14:06:29.849 [main] DEBUG org.springframework.context.annotation.ClassPathBeanDefinitionScanner - Identified candidate component class: file [/Users/Stoic_Colony/Documents/GitHub/Korera/target/classes/com/itlize/Korera/dao/impl/ProjectDaoImpl.class]
14:06:29.852 [main] DEBUG org.springframework.context.annotation.ClassPathBeanDefinitionScanner - Identified candidate component class: file [/Users/Stoic_Colony/Documents/GitHub/Korera/target/classes/com/itlize/Korera/dao/impl/UserDaoImpl.class]
14:06:29.855 [main] DEBUG org.springframework.context.annotation.ClassPathBeanDefinitionScanner - Identified candidate component class: file [/Users/Stoic_Colony/Documents/GitHub/Korera/target/classes/com/itlize/Korera/service/impl/ProjectServicesImpl.class]
14:06:29.858 [main] DEBUG org.springframework.beans.factory.xml.XmlBeanDefinitionReader - Loaded 19 bean definitions from class path resource [config/applicationContext.xml]
14:06:29.859 [main] DEBUG org.springframework.beans.factory.support.DefaultListableBeanFactory - Creating shared instance of singleton bean 'org.springframework.context.annotation.internalConfigurationAnnotationProcessor'
14:06:29.866 [main] DEBUG org.springframework.beans.factory.support.DefaultListableBeanFactory - Creating shared instance of singleton bean 'org.springframework.context.support.PropertySourcesPlaceholderConfigurer#0'
14:06:29.868 [main] DEBUG org.springframework.core.env.PropertySourcesPropertyResolver - Found key 'jdbc.url' in PropertySource 'localProperties' with value of type String
14:06:29.868 [main] DEBUG org.springframework.core.env.PropertySourcesPropertyResolver - Found key 'jdbc.username' in PropertySource 'localProperties' with value of type String
14:06:29.868 [main] DEBUG org.springframework.core.env.PropertySourcesPropertyResolver - Found key 'jdbc.password' in PropertySource 'localProperties' with value of type String
14:06:29.868 [main] DEBUG org.springframework.core.env.PropertySourcesPropertyResolver - Found key 'jdbc.driverClassName' in PropertySource 'localProperties' with value of type String
14:06:29.868 [main] DEBUG org.springframework.core.env.PropertySourcesPropertyResolver - Found key 'jdbc.url' in PropertySource 'localProperties' with value of type String
14:06:29.868 [main] DEBUG org.springframework.core.env.PropertySourcesPropertyResolver - Found key 'jdbc.username' in PropertySource 'localProperties' with value of type String
14:06:29.868 [main] DEBUG org.springframework.core.env.PropertySourcesPropertyResolver - Found key 'jdbc.password' in PropertySource 'localProperties' with value of type String
14:06:29.868 [main] DEBUG org.springframework.core.env.PropertySourcesPropertyResolver - Found key 'jdbc.driverClassName' in PropertySource 'localProperties' with value of type String
14:06:29.868 [main] DEBUG org.springframework.core.env.PropertySourcesPropertyResolver - Found key 'hibernate.format_sql' in PropertySource 'localProperties' with value of type String
14:06:29.869 [main] DEBUG org.springframework.core.env.PropertySourcesPropertyResolver - Found key 'hibernate.current_session_context_class' in PropertySource 'localProperties' with value of type String
14:06:29.869 [main] DEBUG org.springframework.core.env.PropertySourcesPropertyResolver - Found key 'hibernate.hbm2ddl.auto' in PropertySource 'localProperties' with value of type String
14:06:29.869 [main] DEBUG org.springframework.core.env.PropertySourcesPropertyResolver - Found key 'hibernate.show_sql' in PropertySource 'localProperties' with value of type String
14:06:29.870 [main] DEBUG org.springframework.core.env.PropertySourcesPropertyResolver - Found key 'hibernate.dialect' in PropertySource 'localProperties' with value of type String
14:06:29.870 [main] DEBUG org.springframework.beans.factory.support.DefaultListableBeanFactory - Creating shared instance of singleton bean 'org.springframework.context.event.internalEventListenerProcessor'
14:06:29.870 [main] DEBUG org.springframework.beans.factory.support.DefaultListableBeanFactory - Creating shared instance of singleton bean 'org.springframework.context.event.internalEventListenerFactory'
14:06:29.870 [main] DEBUG org.springframework.beans.factory.support.DefaultListableBeanFactory - Creating shared instance of singleton bean 'org.springframework.transaction.config.internalTransactionalEventListenerFactory'
14:06:29.871 [main] DEBUG org.springframework.beans.factory.support.DefaultListableBeanFactory - Creating shared instance of singleton bean 'org.springframework.context.annotation.internalAutowiredAnnotationProcessor'
14:06:29.873 [main] DEBUG org.springframework.beans.factory.support.DefaultListableBeanFactory - Creating shared instance of singleton bean 'org.springframework.context.annotation.internalCommonAnnotationProcessor'
14:06:29.873 [main] DEBUG org.springframework.beans.factory.support.DefaultListableBeanFactory - Creating shared instance of singleton bean 'org.springframework.context.annotation.internalPersistenceAnnotationProcessor'
14:06:29.873 [main] DEBUG org.springframework.beans.factory.support.DefaultListableBeanFactory - Creating shared instance of singleton bean 'org.springframework.aop.config.internalAutoProxyCreator'
14:06:29.875 [main] DEBUG org.springframework.beans.factory.support.DefaultListableBeanFactory - Creating shared instance of singleton bean 'org.springframework.transaction.annotation.AnnotationTransactionAttributeSource#0'
14:06:29.876 [main] DEBUG org.springframework.beans.factory.support.DefaultListableBeanFactory - Creating shared instance of singleton bean 'org.springframework.transaction.config.internalTransactionAdvisor'
14:06:29.877 [main] DEBUG org.springframework.beans.factory.support.DefaultListableBeanFactory - Creating shared instance of singleton bean 'org.springframework.transaction.interceptor.TransactionInterceptor#0'
14:06:29.885 [main] DEBUG org.springframework.beans.factory.support.DefaultListableBeanFactory - Creating shared instance of singleton bean 'UserDaoImpl'
14:06:29.888 [main] DEBUG org.springframework.beans.factory.support.DefaultListableBeanFactory - Creating shared instance of singleton bean 'sessionFactory'
14:06:29.891 [main] DEBUG org.springframework.beans.factory.support.DefaultListableBeanFactory - Creating shared instance of singleton bean 'dataSource2'
14:06:29.911 [main] DEBUG com.mchange.v2.c3p0.management.DynamicPooledDataSourceManagerMBean - MBean: com.mchange.v2.c3p0:type=PooledDataSource,identityToken=1hge16ta7zwjqz1tf7pwg|6a1d6ef2,name=1hge16ta7zwjqz1tf7pwg|6a1d6ef2 registered.
14:06:29.930 [main] DEBUG com.mchange.v2.c3p0.management.DynamicPooledDataSourceManagerMBean - MBean: com.mchange.v2.c3p0:type=PooledDataSource,identityToken=1hge16ta7zwjqz1tf7pwg|6a1d6ef2,name=1hge16ta7zwjqz1tf7pwg|6a1d6ef2 unregistered, in order to be reregistered after update.
14:06:29.930 [main] DEBUG com.mchange.v2.c3p0.management.DynamicPooledDataSourceManagerMBean - MBean: com.mchange.v2.c3p0:type=PooledDataSource,identityToken=1hge16ta7zwjqz1tf7pwg|6a1d6ef2,name=1hge16ta7zwjqz1tf7pwg|6a1d6ef2 registered.
14:06:29.978 [main] DEBUG org.hibernate.integrator.internal.IntegratorServiceImpl - Adding Integrator [org.hibernate.cfg.beanvalidation.BeanValidationIntegrator].
14:06:29.978 [main] DEBUG org.hibernate.integrator.internal.IntegratorServiceImpl - Adding Integrator [org.hibernate.secure.spi.JaccIntegrator].
14:06:29.978 [main] DEBUG org.hibernate.integrator.internal.IntegratorServiceImpl - Adding Integrator [org.hibernate.cache.internal.CollectionCacheInvalidator].
14:06:29.985 [main] DEBUG org.hibernate.cfg.Configuration - Building session factory using internal StandardServiceRegistryBuilder
14:06:29.986 [main] DEBUG org.hibernate.service.spi.ServiceBinding - Overriding existing service binding [org.hibernate.secure.spi.JaccService]
14:06:29.986 [main] DEBUG org.hibernate.cfg.Configuration - Building session factory using provided StandardServiceRegistry
14:06:29.987 [main] DEBUG org.hibernate.cache.internal.RegionFactoryInitiator - Cannot default RegionFactory based on registered strategies as `[]` RegionFactory strategies were registered
14:06:29.987 [main] DEBUG org.hibernate.cache.internal.RegionFactoryInitiator - Cache region factory : org.hibernate.cache.internal.NoCachingRegionFactory
14:06:29.988 [main] DEBUG org.hibernate.type.BasicTypeRegistry - Adding type registration boolean -> org.hibernate.type.BooleanType@a43ce46
14:06:29.988 [main] DEBUG org.hibernate.type.BasicTypeRegistry - Adding type registration boolean -> org.hibernate.type.BooleanType@a43ce46
14:06:29.988 [main] DEBUG org.hibernate.type.BasicTypeRegistry - Adding type registration java.lang.Boolean -> org.hibernate.type.BooleanType@a43ce46
14:06:29.988 [main] DEBUG org.hibernate.type.BasicTypeRegistry - Adding type registration numeric_boolean -> org.hibernate.type.NumericBooleanType@37052337
14:06:29.988 [main] DEBUG org.hibernate.type.BasicTypeRegistry - Adding type registration true_false -> org.hibernate.type.TrueFalseType@53f0a4cb
14:06:29.988 [main] DEBUG org.hibernate.type.BasicTypeRegistry - Adding type registration yes_no -> org.hibernate.type.YesNoType@616fe72b
14:06:29.988 [main] DEBUG org.hibernate.type.BasicTypeRegistry - Adding type registration byte -> org.hibernate.type.ByteType@293a5f75
14:06:29.988 [main] DEBUG org.hibernate.type.BasicTypeRegistry - Adding type registration byte -> org.hibernate.type.ByteType@293a5f75
14:06:29.988 [main] DEBUG org.hibernate.type.BasicTypeRegistry - Adding type registration java.lang.Byte -> org.hibernate.type.ByteType@293a5f75
14:06:29.988 [main] DEBUG org.hibernate.type.BasicTypeRegistry - Adding type registration character -> org.hibernate.type.CharacterType@784c3487
14:06:29.988 [main] DEBUG org.hibernate.type.BasicTypeRegistry - Adding type registration char -> org.hibernate.type.CharacterType@784c3487
14:06:29.988 [main] DEBUG org.hibernate.type.BasicTypeRegistry - Adding type registration java.lang.Character -> org.hibernate.type.CharacterType@784c3487
14:06:29.988 [main] DEBUG org.hibernate.type.BasicTypeRegistry - Adding type registration short -> org.hibernate.type.ShortType@1253e7cb
14:06:29.988 [main] DEBUG org.hibernate.type.BasicTypeRegistry - Adding type registration short -> org.hibernate.type.ShortType@1253e7cb
14:06:29.988 [main] DEBUG org.hibernate.type.BasicTypeRegistry - Adding type registration java.lang.Short -> org.hibernate.type.ShortType@1253e7cb
14:06:29.988 [main] DEBUG org.hibernate.type.BasicTypeRegistry - Adding type registration integer -> org.hibernate.type.IntegerType@2c7b5824
14:06:29.988 [main] DEBUG org.hibernate.type.BasicTypeRegistry - Adding type registration int -> org.hibernate.type.IntegerType@2c7b5824
14:06:29.988 [main] DEBUG org.hibernate.type.BasicTypeRegistry - Adding type registration java.lang.Integer -> org.hibernate.type.IntegerType@2c7b5824
14:06:29.993 [main] DEBUG org.hibernate.type.BasicTypeRegistry - Adding type registration long -> org.hibernate.type.LongType@681a8b4e
14:06:29.996 [main] DEBUG org.hibernate.type.BasicTypeRegistry - Adding type registration long -> org.hibernate.type.LongType@681a8b4e
14:06:29.996 [main] DEBUG org.hibernate.type.BasicTypeRegistry - Adding type registration java.lang.Long -> org.hibernate.type.LongType@681a8b4e
14:06:29.996 [main] DEBUG org.hibernate.type.BasicTypeRegistry - Adding type registration float -> org.hibernate.type.FloatType@5829e4f4
14:06:29.996 [main] DEBUG org.hibernate.type.BasicTypeRegistry - Adding type registration float -> org.hibernate.type.FloatType@5829e4f4
14:06:29.996 [main] DEBUG org.hibernate.type.BasicTypeRegistry - Adding type registration java.lang.Float -> org.hibernate.type.FloatType@5829e4f4
14:06:29.996 [main] DEBUG org.hibernate.type.BasicTypeRegistry - Adding type registration double -> org.hibernate.type.DoubleType@c2db68f
14:06:29.996 [main] DEBUG org.hibernate.type.BasicTypeRegistry - Adding type registration double -> org.hibernate.type.DoubleType@c2db68f
14:06:29.996 [main] DEBUG org.hibernate.type.BasicTypeRegistry - Adding type registration java.lang.Double -> org.hibernate.type.DoubleType@c2db68f
14:06:29.996 [main] DEBUG org.hibernate.type.BasicTypeRegistry - Adding type registration big_decimal -> org.hibernate.type.BigDecimalType@1c3b9394
14:06:29.996 [main] DEBUG org.hibernate.type.BasicTypeRegistry - Adding type registration java.math.BigDecimal -> org.hibernate.type.BigDecimalType@1c3b9394
14:06:29.996 [main] DEBUG org.hibernate.type.BasicTypeRegistry - Adding type registration big_integer -> org.hibernate.type.BigIntegerType@4097cac
14:06:29.996 [main] DEBUG org.hibernate.type.BasicTypeRegistry - Adding type registration java.math.BigInteger -> org.hibernate.type.BigIntegerType@4097cac
14:06:29.996 [main] DEBUG org.hibernate.type.BasicTypeRegistry - Adding type registration string -> org.hibernate.type.StringType@52d645b1
14:06:29.996 [main] DEBUG org.hibernate.type.BasicTypeRegistry - Adding type registration java.lang.String -> org.hibernate.type.StringType@52d645b1
14:06:29.996 [main] DEBUG org.hibernate.type.BasicTypeRegistry - Adding type registration nstring -> org.hibernate.type.StringNVarcharType@710b18a6
14:06:29.996 [main] DEBUG org.hibernate.type.BasicTypeRegistry - Adding type registration ncharacter -> org.hibernate.type.CharacterNCharType@c055c54
14:06:29.997 [main] DEBUG org.hibernate.type.BasicTypeRegistry - Adding type registration url -> org.hibernate.type.UrlType@655ef322
14:06:29.997 [main] DEBUG org.hibernate.type.BasicTypeRegistry - Adding type registration java.net.URL -> org.hibernate.type.UrlType@655ef322
14:06:29.997 [main] DEBUG org.hibernate.type.BasicTypeRegistry - Adding type registration Duration -> org.hibernate.type.DurationType@77d2e85
14:06:29.997 [main] DEBUG org.hibernate.type.BasicTypeRegistry - Adding type registration java.time.Duration -> org.hibernate.type.DurationType@77d2e85
14:06:29.997 [main] DEBUG org.hibernate.type.BasicTypeRegistry - Adding type registration Instant -> org.hibernate.type.InstantType@56aaaecd
14:06:29.997 [main] DEBUG org.hibernate.type.BasicTypeRegistry - Adding type registration java.time.Instant -> org.hibernate.type.InstantType@56aaaecd
14:06:29.997 [main] DEBUG org.hibernate.type.BasicTypeRegistry - Adding type registration LocalDateTime -> org.hibernate.type.LocalDateTimeType@5ee2b6f9
14:06:29.997 [main] DEBUG org.hibernate.type.BasicTypeRegistry - Adding type registration java.time.LocalDateTime -> org.hibernate.type.LocalDateTimeType@5ee2b6f9
14:06:29.997 [main] DEBUG org.hibernate.type.BasicTypeRegistry - Adding type registration LocalDate -> org.hibernate.type.LocalDateType@3fb6cf60
14:06:29.997 [main] DEBUG org.hibernate.type.BasicTypeRegistry - Adding type registration java.time.LocalDate -> org.hibernate.type.LocalDateType@3fb6cf60
14:06:29.997 [main] DEBUG org.hibernate.type.BasicTypeRegistry - Adding type registration LocalTime -> org.hibernate.type.LocalTimeType@5e8ac0e1
14:06:29.997 [main] DEBUG org.hibernate.type.BasicTypeRegistry - Adding type registration java.time.LocalTime -> org.hibernate.type.LocalTimeType@5e8ac0e1
14:06:29.997 [main] DEBUG org.hibernate.type.BasicTypeRegistry - Adding type registration OffsetDateTime -> org.hibernate.type.OffsetDateTimeType@5f7b97da
14:06:29.997 [main] DEBUG org.hibernate.type.BasicTypeRegistry - Adding type registration java.time.OffsetDateTime -> org.hibernate.type.OffsetDateTimeType@5f7b97da
14:06:29.997 [main] DEBUG org.hibernate.type.BasicTypeRegistry - Adding type registration OffsetTime -> org.hibernate.type.OffsetTimeType@256f8274
14:06:29.997 [main] DEBUG org.hibernate.type.BasicTypeRegistry - Adding type registration java.time.OffsetTime -> org.hibernate.type.OffsetTimeType@256f8274
14:06:29.997 [main] DEBUG org.hibernate.type.BasicTypeRegistry - Adding type registration ZonedDateTime -> org.hibernate.type.ZonedDateTimeType@781f10f2
14:06:29.997 [main] DEBUG org.hibernate.type.BasicTypeRegistry - Adding type registration java.time.ZonedDateTime -> org.hibernate.type.ZonedDateTimeType@781f10f2
14:06:29.997 [main] DEBUG org.hibernate.type.BasicTypeRegistry - Adding type registration date -> org.hibernate.type.DateType@5b529706
14:06:29.997 [main] DEBUG org.hibernate.type.BasicTypeRegistry - Adding type registration java.sql.Date -> org.hibernate.type.DateType@5b529706
14:06:29.997 [main] DEBUG org.hibernate.type.BasicTypeRegistry - Adding type registration time -> org.hibernate.type.TimeType@14dda234
14:06:29.997 [main] DEBUG org.hibernate.type.BasicTypeRegistry - Adding type registration java.sql.Time -> org.hibernate.type.TimeType@14dda234
14:06:29.997 [main] DEBUG org.hibernate.type.BasicTypeRegistry - Adding type registration timestamp -> org.hibernate.type.TimestampType@54d18072
14:06:29.997 [main] DEBUG org.hibernate.type.BasicTypeRegistry - Adding type registration java.sql.Timestamp -> org.hibernate.type.TimestampType@54d18072
14:06:29.997 [main] DEBUG org.hibernate.type.BasicTypeRegistry - Adding type registration java.util.Date -> org.hibernate.type.TimestampType@54d18072
14:06:29.997 [main] DEBUG org.hibernate.type.BasicTypeRegistry - Adding type registration dbtimestamp -> org.hibernate.type.DbTimestampType@424fd310
14:06:29.997 [main] DEBUG org.hibernate.type.BasicTypeRegistry - Adding type registration calendar -> org.hibernate.type.CalendarType@5c530d1e
14:06:29.997 [main] DEBUG org.hibernate.type.BasicTypeRegistry - Adding type registration java.util.Calendar -> org.hibernate.type.CalendarType@5c530d1e
14:06:29.997 [main] DEBUG org.hibernate.type.BasicTypeRegistry - Adding type registration java.util.GregorianCalendar -> org.hibernate.type.CalendarType@5c530d1e
14:06:29.998 [main] DEBUG org.hibernate.type.BasicTypeRegistry - Adding type registration calendar_date -> org.hibernate.type.CalendarDateType@c5ee75e
14:06:29.998 [main] DEBUG org.hibernate.type.BasicTypeRegistry - Adding type registration locale -> org.hibernate.type.LocaleType@4a11eb84
14:06:29.998 [main] DEBUG org.hibernate.type.BasicTypeRegistry - Adding type registration java.util.Locale -> org.hibernate.type.LocaleType@4a11eb84
14:06:29.998 [main] DEBUG org.hibernate.type.BasicTypeRegistry - Adding type registration currency -> org.hibernate.type.CurrencyType@696f0212
14:06:29.998 [main] DEBUG org.hibernate.type.BasicTypeRegistry - Adding type registration java.util.Currency -> org.hibernate.type.CurrencyType@696f0212
14:06:29.998 [main] DEBUG org.hibernate.type.BasicTypeRegistry - Adding type registration timezone -> org.hibernate.type.TimeZoneType@f478a81
14:06:29.998 [main] DEBUG org.hibernate.type.BasicTypeRegistry - Adding type registration java.util.TimeZone -> org.hibernate.type.TimeZoneType@f478a81
14:06:29.998 [main] DEBUG org.hibernate.type.BasicTypeRegistry - Adding type registration class -> org.hibernate.type.ClassType@7ce97ee5
14:06:29.998 [main] DEBUG org.hibernate.type.BasicTypeRegistry - Adding type registration java.lang.Class -> org.hibernate.type.ClassType@7ce97ee5
14:06:29.998 [main] DEBUG org.hibernate.type.BasicTypeRegistry - Adding type registration uuid-binary -> org.hibernate.type.UUIDBinaryType@4795ded0
14:06:29.998 [main] DEBUG org.hibernate.type.BasicTypeRegistry - Adding type registration java.util.UUID -> org.hibernate.type.UUIDBinaryType@4795ded0
14:06:29.998 [main] DEBUG org.hibernate.type.BasicTypeRegistry - Adding type registration uuid-char -> org.hibernate.type.UUIDCharType@2eced48b
14:06:29.998 [main] DEBUG org.hibernate.type.BasicTypeRegistry - Adding type registration binary -> org.hibernate.type.BinaryType@6475472c
14:06:29.998 [main] DEBUG org.hibernate.type.BasicTypeRegistry - Adding type registration byte[] -> org.hibernate.type.BinaryType@6475472c
14:06:29.998 [main] DEBUG org.hibernate.type.BasicTypeRegistry - Adding type registration [B -> org.hibernate.type.BinaryType@6475472c
14:06:29.998 [main] DEBUG org.hibernate.type.BasicTypeRegistry - Adding type registration wrapper-binary -> org.hibernate.type.WrapperBinaryType@3c989952
14:06:29.998 [main] DEBUG org.hibernate.type.BasicTypeRegistry - Adding type registration Byte[] -> org.hibernate.type.WrapperBinaryType@3c989952
14:06:29.998 [main] DEBUG org.hibernate.type.BasicTypeRegistry - Adding type registration [Ljava.lang.Byte; -> org.hibernate.type.WrapperBinaryType@3c989952
14:06:29.998 [main] DEBUG org.hibernate.type.BasicTypeRegistry - Adding type registration row_version -> org.hibernate.type.RowVersionType@793138bd
14:06:29.998 [main] DEBUG org.hibernate.type.BasicTypeRegistry - Adding type registration image -> org.hibernate.type.ImageType@33aeca0b
14:06:29.998 [main] DEBUG org.hibernate.type.BasicTypeRegistry - Adding type registration characters -> org.hibernate.type.CharArrayType@1ae67cad
14:06:29.998 [main] DEBUG org.hibernate.type.BasicTypeRegistry - Adding type registration char[] -> org.hibernate.type.CharArrayType@1ae67cad
14:06:29.998 [main] DEBUG org.hibernate.type.BasicTypeRegistry - Adding type registration [C -> org.hibernate.type.CharArrayType@1ae67cad
14:06:29.998 [main] DEBUG org.hibernate.type.BasicTypeRegistry - Adding type registration wrapper-characters -> org.hibernate.type.CharacterArrayType@463b4ac8
14:06:29.998 [main] DEBUG org.hibernate.type.BasicTypeRegistry - Adding type registration [Ljava.lang.Character; -> org.hibernate.type.CharacterArrayType@463b4ac8
14:06:29.998 [main] DEBUG org.hibernate.type.BasicTypeRegistry - Adding type registration Character[] -> org.hibernate.type.CharacterArrayType@463b4ac8
14:06:29.998 [main] DEBUG org.hibernate.type.BasicTypeRegistry - Adding type registration text -> org.hibernate.type.TextType@f001896
14:06:29.998 [main] DEBUG org.hibernate.type.BasicTypeRegistry - Adding type registration ntext -> org.hibernate.type.NTextType@4bc28c33
14:06:29.998 [main] DEBUG org.hibernate.type.BasicTypeRegistry - Adding type registration blob -> org.hibernate.type.BlobType@1522d8a0
14:06:29.998 [main] DEBUG org.hibernate.type.BasicTypeRegistry - Adding type registration java.sql.Blob -> org.hibernate.type.BlobType@1522d8a0
14:06:29.998 [main] DEBUG org.hibernate.type.BasicTypeRegistry - Adding type registration materialized_blob -> org.hibernate.type.MaterializedBlobType@246f8b8b
14:06:29.998 [main] DEBUG org.hibernate.type.BasicTypeRegistry - Adding type registration clob -> org.hibernate.type.ClobType@625abb97
14:06:29.998 [main] DEBUG org.hibernate.type.BasicTypeRegistry - Adding type registration java.sql.Clob -> org.hibernate.type.ClobType@625abb97
14:06:29.998 [main] DEBUG org.hibernate.type.BasicTypeRegistry - Adding type registration nclob -> org.hibernate.type.NClobType@72ea6193
14:06:29.998 [main] DEBUG org.hibernate.type.BasicTypeRegistry - Adding type registration java.sql.NClob -> org.hibernate.type.NClobType@72ea6193
14:06:29.998 [main] DEBUG org.hibernate.type.BasicTypeRegistry - Adding type registration materialized_clob -> org.hibernate.type.MaterializedClobType@2a2c13a8
14:06:29.999 [main] DEBUG org.hibernate.type.BasicTypeRegistry - Adding type registration materialized_nclob -> org.hibernate.type.MaterializedNClobType@2ccca26f
14:06:29.999 [main] DEBUG org.hibernate.type.BasicTypeRegistry - Adding type registration serializable -> org.hibernate.type.SerializableType@1e7aa82b
14:06:29.999 [main] DEBUG org.hibernate.type.BasicTypeRegistry - Adding type registration object -> org.hibernate.type.ObjectType@20f12539
14:06:29.999 [main] DEBUG org.hibernate.type.BasicTypeRegistry - Adding type registration java.lang.Object -> org.hibernate.type.ObjectType@20f12539
14:06:29.999 [main] DEBUG org.hibernate.type.BasicTypeRegistry - Adding type registration imm_date -> org.hibernate.type.AdaptedImmutableType@4548d254
14:06:29.999 [main] DEBUG org.hibernate.type.BasicTypeRegistry - Adding type registration imm_time -> org.hibernate.type.AdaptedImmutableType@590f0c50
14:06:29.999 [main] DEBUG org.hibernate.type.BasicTypeRegistry - Adding type registration imm_timestamp -> org.hibernate.type.AdaptedImmutableType@208f0007
14:06:29.999 [main] DEBUG org.hibernate.type.BasicTypeRegistry - Adding type registration imm_dbtimestamp -> org.hibernate.type.AdaptedImmutableType@3a90c13c
14:06:29.999 [main] DEBUG org.hibernate.type.BasicTypeRegistry - Adding type registration imm_calendar -> org.hibernate.type.AdaptedImmutableType@39c96e48
14:06:29.999 [main] DEBUG org.hibernate.type.BasicTypeRegistry - Adding type registration imm_calendar_date -> org.hibernate.type.AdaptedImmutableType@188598ad
14:06:29.999 [main] DEBUG org.hibernate.type.BasicTypeRegistry - Adding type registration imm_binary -> org.hibernate.type.AdaptedImmutableType@40d23c82
14:06:29.999 [main] DEBUG org.hibernate.type.BasicTypeRegistry - Adding type registration imm_serializable -> org.hibernate.type.AdaptedImmutableType@7cf78c85
14:06:30.002 [main] DEBUG org.hibernate.id.factory.internal.DefaultIdentifierGeneratorFactory - Registering IdentifierGenerator strategy [uuid2] -> [org.hibernate.id.UUIDGenerator]
14:06:30.002 [main] DEBUG org.hibernate.id.factory.internal.DefaultIdentifierGeneratorFactory - Registering IdentifierGenerator strategy [guid] -> [org.hibernate.id.GUIDGenerator]
14:06:30.002 [main] DEBUG org.hibernate.id.factory.internal.DefaultIdentifierGeneratorFactory - Registering IdentifierGenerator strategy [uuid] -> [org.hibernate.id.UUIDHexGenerator]
14:06:30.002 [main] DEBUG org.hibernate.id.factory.internal.DefaultIdentifierGeneratorFactory - Registering IdentifierGenerator strategy [uuid.hex] -> [org.hibernate.id.UUIDHexGenerator]
14:06:30.002 [main] DEBUG org.hibernate.id.factory.internal.DefaultIdentifierGeneratorFactory - Registering IdentifierGenerator strategy [assigned] -> [org.hibernate.id.Assigned]
14:06:30.002 [main] DEBUG org.hibernate.id.factory.internal.DefaultIdentifierGeneratorFactory - Registering IdentifierGenerator strategy [identity] -> [org.hibernate.id.IdentityGenerator]
14:06:30.002 [main] DEBUG org.hibernate.id.factory.internal.DefaultIdentifierGeneratorFactory - Registering IdentifierGenerator strategy [select] -> [org.hibernate.id.SelectGenerator]
14:06:30.002 [main] DEBUG org.hibernate.id.factory.internal.DefaultIdentifierGeneratorFactory - Registering IdentifierGenerator strategy [sequence] -> [org.hibernate.id.enhanced.SequenceStyleGenerator]
14:06:30.002 [main] DEBUG org.hibernate.id.factory.internal.DefaultIdentifierGeneratorFactory - Registering IdentifierGenerator strategy [seqhilo] -> [org.hibernate.id.SequenceHiLoGenerator]
14:06:30.002 [main] DEBUG org.hibernate.id.factory.internal.DefaultIdentifierGeneratorFactory - Registering IdentifierGenerator strategy [increment] -> [org.hibernate.id.IncrementGenerator]
14:06:30.002 [main] DEBUG org.hibernate.id.factory.internal.DefaultIdentifierGeneratorFactory - Registering IdentifierGenerator strategy [foreign] -> [org.hibernate.id.ForeignGenerator]
14:06:30.002 [main] DEBUG org.hibernate.id.factory.internal.DefaultIdentifierGeneratorFactory - Registering IdentifierGenerator strategy [sequence-identity] -> [org.hibernate.id.SequenceIdentityGenerator]
14:06:30.002 [main] DEBUG org.hibernate.id.factory.internal.DefaultIdentifierGeneratorFactory - Registering IdentifierGenerator strategy [enhanced-sequence] -> [org.hibernate.id.enhanced.SequenceStyleGenerator]
14:06:30.002 [main] DEBUG org.hibernate.id.factory.internal.DefaultIdentifierGeneratorFactory - Registering IdentifierGenerator strategy [enhanced-table] -> [org.hibernate.id.enhanced.TableGenerator]
14:06:30.021 [main] INFO com.mchange.v2.c3p0.impl.AbstractPoolBackedDataSource - Initializing c3p0 pool... com.mchange.v2.c3p0.ComboPooledDataSource [ acquireIncrement -> 2, acquireRetryAttempts -> 30, acquireRetryDelay -> 1000, autoCommitOnClose -> false, automaticTestTable -> null, breakAfterAcquireFailure -> false, checkoutTimeout -> 0, connectionCustomizerClassName -> null, connectionTesterClassName -> com.mchange.v2.c3p0.impl.DefaultConnectionTester, contextClassLoaderSource -> caller, dataSourceName -> 1hge16ta7zwjqz1tf7pwg|6a1d6ef2, debugUnreturnedConnectionStackTraces -> false, description -> null, driverClass -> com.mysql.cj.jdbc.Driver, extensions -> {}, factoryClassLocation -> null, forceIgnoreUnresolvedTransactions -> false, forceSynchronousCheckins -> false, forceUseNamedDriverClass -> false, identityToken -> 1hge16ta7zwjqz1tf7pwg|6a1d6ef2, idleConnectionTestPeriod -> 60, initialPoolSize -> 10, jdbcUrl -> jdbc:mysql://localhost:3306/mydb?characterEncoding=UTF-8, maxAdministrativeTaskTime -> 0, maxConnectionAge -> 0, maxIdleTime -> 120, maxIdleTimeExcessConnections -> 0, maxPoolSize -> 20, maxStatements -> 0, maxStatementsPerConnection -> 0, minPoolSize -> 5, numHelperThreads -> 3, preferredTestQuery -> null, privilegeSpawnedThreads -> false, properties -> {user=******, password=******}, propertyCycle -> 0, statementCacheNumDeferredCloseThreads -> 0, testConnectionOnCheckin -> false, testConnectionOnCheckout -> false, unreturnedConnectionTimeout -> 0, userOverrides -> {}, usesTraditionalReflectiveProxies -> false ]
14:06:30.030 [main] DEBUG com.mchange.v2.resourcepool.BasicResourcePool - com.mchange.v2.resourcepool.BasicResourcePool@2b7e8044 config: [start -> 10; min -> 5; max -> 20; inc -> 2; num_acq_attempts -> 30; acq_attempt_delay -> 1000; check_idle_resources_delay -> 60000; max_resource_age -> 0; max_idle_time -> 120000; excess_max_idle_time -> 0; destroy_unreturned_resc_time -> 0; expiration_enforcement_delay -> 30000; break_on_acquisition_failure -> false; debug_store_checkout_exceptions -> false; force_synchronous_checkins -> false]
14:06:30.030 [main] DEBUG com.mchange.v2.c3p0.impl.C3P0PooledConnectionPoolManager - Created new pool for auth, username (masked): 'ad******'.
14:06:30.032 [main] DEBUG org.hibernate.engine.jdbc.env.internal.JdbcEnvironmentInitiator - Database ->
       name : MySQL
    version : 5.7.18
      major : 5
      minor : 7
14:06:30.032 [main] DEBUG org.hibernate.engine.jdbc.env.internal.JdbcEnvironmentInitiator - Driver ->
       name : MySQL Connector/J
    version : mysql-connector-java-8.0.15 (Revision: 79a4336f140499bd22dd07f02b708e163844e3d5)
      major : 8
      minor : 0
14:06:30.032 [main] DEBUG org.hibernate.engine.jdbc.env.internal.JdbcEnvironmentInitiator - JDBC version : 4.2
14:06:30.032 [main] INFO org.hibernate.dialect.Dialect - HHH000400: Using dialect: org.hibernate.dialect.MySQL5Dialect
14:06:30.032 [main] DEBUG org.hibernate.engine.jdbc.env.spi.IdentifierHelperBuilder - JDBC driver metadata reported database stores quoted identifiers in more than one case
14:06:30.033 [main] DEBUG org.hibernate.engine.jdbc.env.spi.IdentifierHelperBuilder - IdentifierCaseStrategy for both quoted and unquoted identifiers was set to the same strategy [MIXED]; that will likely lead to problems in schema update and validation if using quoted identifiers
14:06:30.068 [main] DEBUG com.mchange.v2.c3p0.impl.NewProxyConnection - com.mchange.v2.c3p0.impl.NewProxyConnection@518ddd3b [wrapping: com.mysql.cj.jdbc.ConnectionImpl@939ff41]: close() called more than once.
14:06:30.068 [main] DEBUG org.hibernate.boot.model.relational.Namespace - Created database namespace [logicalName=Name{catalog=null, schema=null}, physicalName=Name{catalog=null, schema=null}]
14:06:30.069 [main] DEBUG org.hibernate.type.spi.TypeConfiguration$Scope - Scoping TypeConfiguration [org.hibernate.type.spi.TypeConfiguration@6e0e5dec] to MetadataBuildingContext [org.hibernate.boot.internal.MetadataBuildingContextRootImpl@48a663e9]
14:06:30.069 [main] DEBUG org.hibernate.cfg.AnnotationBinder - Binding entity from annotated class: com.itlize.Korera.entities.Project
14:06:30.069 [main] DEBUG org.hibernate.cfg.Ejb3Column - Binding column: Ejb3DiscriminatorColumn{logicalColumnName'DTYPE', discriminatorTypeName='string'}
14:06:30.069 [main] DEBUG org.hibernate.cfg.annotations.EntityBinder - Import with entity name Project
14:06:30.069 [main] DEBUG org.hibernate.boot.model.relational.Namespace - Created database namespace [logicalName=Name{catalog=null, schema=mydb}, physicalName=Name{catalog=null, schema=mydb}]
14:06:30.069 [main] DEBUG org.hibernate.cfg.annotations.EntityBinder - Bind entity com.itlize.Korera.entities.Project on table Project
14:06:30.070 [main] DEBUG org.hibernate.cfg.Ejb3Column - Binding column: Ejb3Column{table=org.hibernate.mapping.Table(mydb.Project), mappingColumn=project_id, insertable=true, updatable=true, unique=false}
14:06:30.070 [main] DEBUG org.hibernate.cfg.annotations.PropertyBinder - MetadataSourceProcessor property project_id with lazy=false
14:06:30.070 [main] DEBUG org.hibernate.cfg.AbstractPropertyHolder - Attempting to locate auto-apply AttributeConverter for property [com.itlize.Korera.entities.Project:project_id]
14:06:30.070 [main] DEBUG org.hibernate.cfg.annotations.SimpleValueBinder - building SimpleValue for project_id
14:06:30.070 [main] DEBUG org.hibernate.cfg.annotations.PropertyBinder - Building property project_id
14:06:30.070 [main] DEBUG org.hibernate.cfg.BinderHelper - #makeIdGenerator(org.hibernate.mapping.SimpleValue([org.hibernate.mapping.Column(project_id)]), project_id, org.hibernate.id.enhanced.SequenceStyleGenerator, , ...)
14:06:30.071 [main] DEBUG org.hibernate.cfg.Ejb3Column - Binding column: Ejb3Column{table=org.hibernate.mapping.Table(mydb.Project), mappingColumn=project_name, insertable=true, updatable=true, unique=false}
14:06:30.071 [main] DEBUG org.hibernate.cfg.annotations.PropertyBinder - MetadataSourceProcessor property project_name with lazy=false
14:06:30.071 [main] DEBUG org.hibernate.cfg.AbstractPropertyHolder - Attempting to locate auto-apply AttributeConverter for property [com.itlize.Korera.entities.Project:project_name]
14:06:30.071 [main] DEBUG org.hibernate.cfg.annotations.SimpleValueBinder - building SimpleValue for project_name
14:06:30.071 [main] DEBUG org.hibernate.cfg.annotations.PropertyBinder - Building property project_name
14:06:30.071 [main] DEBUG org.hibernate.cfg.Ejb3Column - Binding column: Ejb3Column{table=org.hibernate.mapping.Table(mydb.Project), mappingColumn=user_id, insertable=true, updatable=true, unique=false}
14:06:30.071 [main] DEBUG org.hibernate.cfg.annotations.PropertyBinder - MetadataSourceProcessor property user_id with lazy=false
14:06:30.071 [main] DEBUG org.hibernate.cfg.AbstractPropertyHolder - Attempting to locate auto-apply AttributeConverter for property [com.itlize.Korera.entities.Project:user_id]
14:06:30.071 [main] DEBUG org.hibernate.cfg.annotations.SimpleValueBinder - building SimpleValue for user_id
14:06:30.071 [main] DEBUG org.hibernate.cfg.annotations.PropertyBinder - Building property user_id
14:06:30.071 [main] DEBUG org.hibernate.cfg.AnnotationBinder - Binding entity from annotated class: com.itlize.Korera.entities.User
14:06:30.071 [main] DEBUG org.hibernate.cfg.Ejb3Column - Binding column: Ejb3DiscriminatorColumn{logicalColumnName'DTYPE', discriminatorTypeName='string'}
14:06:30.071 [main] DEBUG org.hibernate.cfg.annotations.EntityBinder - Import with entity name User
14:06:30.072 [main] DEBUG org.hibernate.cfg.annotations.EntityBinder - Bind entity com.itlize.Korera.entities.User on table User
14:06:30.072 [main] DEBUG org.hibernate.cfg.Ejb3Column - Binding column: Ejb3Column{table=org.hibernate.mapping.Table(User), mappingColumn=user_Id, insertable=true, updatable=true, unique=false}
14:06:30.073 [main] DEBUG org.hibernate.cfg.annotations.PropertyBinder - MetadataSourceProcessor property user_Id with lazy=false
14:06:30.073 [main] DEBUG org.hibernate.cfg.AbstractPropertyHolder - Attempting to locate auto-apply AttributeConverter for property [com.itlize.Korera.entities.User:user_Id]
14:06:30.073 [main] DEBUG org.hibernate.cfg.annotations.SimpleValueBinder - building SimpleValue for user_Id
14:06:30.073 [main] DEBUG org.hibernate.cfg.annotations.PropertyBinder - Building property user_Id
14:06:30.073 [main] DEBUG org.hibernate.cfg.BinderHelper - #makeIdGenerator(org.hibernate.mapping.SimpleValue([org.hibernate.mapping.Column(user_Id)]), user_Id, assigned, , ...)
14:06:30.073 [main] DEBUG org.hibernate.cfg.Ejb3Column - Binding column: Ejb3Column{table=org.hibernate.mapping.Table(User), mappingColumn=icon, insertable=true, updatable=true, unique=false}
14:06:30.073 [main] DEBUG org.hibernate.cfg.annotations.PropertyBinder - MetadataSourceProcessor property icon with lazy=false
14:06:30.073 [main] DEBUG org.hibernate.cfg.AbstractPropertyHolder - Attempting to locate auto-apply AttributeConverter for property [com.itlize.Korera.entities.User:icon]
14:06:30.073 [main] DEBUG org.hibernate.cfg.annotations.SimpleValueBinder - building SimpleValue for icon
14:06:30.073 [main] DEBUG org.hibernate.cfg.annotations.PropertyBinder - Building property icon
14:06:30.073 [main] DEBUG org.hibernate.cfg.Ejb3Column - Binding column: Ejb3Column{table=org.hibernate.mapping.Table(User), mappingColumn=join_date, insertable=true, updatable=true, unique=false}
14:06:30.073 [main] DEBUG org.hibernate.cfg.annotations.PropertyBinder - MetadataSourceProcessor property join_date with lazy=false
14:06:30.073 [main] DEBUG org.hibernate.cfg.AbstractPropertyHolder - Attempting to locate auto-apply AttributeConverter for property [com.itlize.Korera.entities.User:join_date]
14:06:30.073 [main] DEBUG org.hibernate.cfg.annotations.SimpleValueBinder - building SimpleValue for join_date
14:06:30.073 [main] DEBUG org.hibernate.cfg.annotations.PropertyBinder - Building property join_date
14:06:30.074 [main] DEBUG org.hibernate.cfg.Ejb3Column - Binding column: Ejb3Column{table=org.hibernate.mapping.Table(User), mappingColumn=password, insertable=true, updatable=true, unique=false}
14:06:30.074 [main] DEBUG org.hibernate.cfg.annotations.PropertyBinder - MetadataSourceProcessor property password with lazy=false
14:06:30.074 [main] DEBUG org.hibernate.cfg.AbstractPropertyHolder - Attempting to locate auto-apply AttributeConverter for property [com.itlize.Korera.entities.User:password]
14:06:30.074 [main] DEBUG org.hibernate.cfg.annotations.SimpleValueBinder - building SimpleValue for password
14:06:30.074 [main] DEBUG org.hibernate.cfg.annotations.PropertyBinder - Building property password
14:06:30.074 [main] DEBUG org.hibernate.cfg.Ejb3Column - Binding column: Ejb3Column{table=org.hibernate.mapping.Table(User), mappingColumn=project_id, insertable=true, updatable=true, unique=false}
14:06:30.074 [main] DEBUG org.hibernate.cfg.annotations.PropertyBinder - MetadataSourceProcessor property project_id with lazy=false
14:06:30.074 [main] DEBUG org.hibernate.cfg.AbstractPropertyHolder - Attempting to locate auto-apply AttributeConverter for property [com.itlize.Korera.entities.User:project_id]
14:06:30.074 [main] DEBUG org.hibernate.cfg.annotations.SimpleValueBinder - building SimpleValue for project_id
14:06:30.074 [main] DEBUG org.hibernate.cfg.annotations.PropertyBinder - Building property project_id
14:06:30.078 [main] DEBUG org.hibernate.cfg.Ejb3Column - Binding column: Ejb3Column{table=org.hibernate.mapping.Table(User), mappingColumn=user_name, insertable=true, updatable=true, unique=false}
14:06:30.078 [main] DEBUG org.hibernate.cfg.annotations.PropertyBinder - MetadataSourceProcessor property user_name with lazy=false
14:06:30.078 [main] DEBUG org.hibernate.cfg.AbstractPropertyHolder - Attempting to locate auto-apply AttributeConverter for property [com.itlize.Korera.entities.User:user_name]
14:06:30.079 [main] DEBUG org.hibernate.cfg.annotations.SimpleValueBinder - building SimpleValue for user_name
14:06:30.079 [main] DEBUG org.hibernate.cfg.annotations.PropertyBinder - Building property user_name
14:06:30.079 [main] DEBUG org.hibernate.cfg.annotations.SimpleValueBinder - Starting fillSimpleValue for project_id
14:06:30.079 [main] DEBUG org.hibernate.cfg.annotations.SimpleValueBinder - Starting fillSimpleValue for project_name
14:06:30.079 [main] DEBUG org.hibernate.cfg.annotations.SimpleValueBinder - Starting fillSimpleValue for user_id
14:06:30.079 [main] DEBUG org.hibernate.cfg.annotations.SimpleValueBinder - Starting fillSimpleValue for user_Id
14:06:30.079 [main] DEBUG org.hibernate.cfg.annotations.SimpleValueBinder - Starting fillSimpleValue for icon
14:06:30.079 [main] DEBUG org.hibernate.cfg.annotations.SimpleValueBinder - Starting fillSimpleValue for join_date
14:06:30.079 [main] DEBUG org.hibernate.cfg.annotations.SimpleValueBinder - Starting fillSimpleValue for password
14:06:30.079 [main] DEBUG org.hibernate.cfg.annotations.SimpleValueBinder - Starting fillSimpleValue for project_id
14:06:30.079 [main] DEBUG org.hibernate.cfg.annotations.SimpleValueBinder - Starting fillSimpleValue for user_name
14:06:30.079 [main] DEBUG org.hibernate.mapping.PrimaryKey - Forcing column [project_id] to be non-null as it is part of the primary key for table [project]
14:06:30.079 [main] DEBUG org.hibernate.mapping.PrimaryKey - Forcing column [user_id] to be non-null as it is part of the primary key for table [user]
14:06:30.081 [main] DEBUG org.hibernate.internal.SessionFactoryImpl - Building session factory
14:06:30.081 [main] DEBUG org.hibernate.cfg.Settings - SessionFactory name : null
14:06:30.081 [main] DEBUG org.hibernate.cfg.Settings - Automatic flush during beforeCompletion(): enabled
14:06:30.081 [main] DEBUG org.hibernate.cfg.Settings - Automatic session close at end of transaction: disabled
14:06:30.081 [main] DEBUG org.hibernate.cfg.Settings - Statistics: disabled
14:06:30.081 [main] DEBUG org.hibernate.cfg.Settings - Deleted entity synthetic identifier rollback: disabled
14:06:30.081 [main] DEBUG org.hibernate.cfg.Settings - Default entity-mode: pojo
14:06:30.081 [main] DEBUG org.hibernate.cfg.Settings - Check Nullability in Core (should be disabled when Bean Validation is on): enabled
14:06:30.081 [main] DEBUG org.hibernate.cfg.Settings - Allow initialization of lazy state outside session : disabled
14:06:30.081 [main] DEBUG org.hibernate.cfg.Settings - Using BatchFetchStyle : LEGACY
14:06:30.081 [main] DEBUG org.hibernate.cfg.Settings - Default batch fetch size: -1
14:06:30.081 [main] DEBUG org.hibernate.cfg.Settings - Maximum outer join fetch depth: 2
14:06:30.081 [main] DEBUG org.hibernate.cfg.Settings - Default null ordering: NONE
14:06:30.081 [main] DEBUG org.hibernate.cfg.Settings - Order SQL updates by primary key: disabled
14:06:30.081 [main] DEBUG org.hibernate.cfg.Settings - Order SQL inserts for batching: disabled
14:06:30.081 [main] DEBUG org.hibernate.cfg.Settings - multi-tenancy strategy : NONE
14:06:30.081 [main] DEBUG org.hibernate.cfg.Settings - JTA Track by Thread: enabled
14:06:30.081 [main] DEBUG org.hibernate.cfg.Settings - Query language substitutions: {}
14:06:30.081 [main] DEBUG org.hibernate.cfg.Settings - Named query checking : enabled
14:06:30.081 [main] DEBUG org.hibernate.cfg.Settings - Second-level cache: disabled
14:06:30.081 [main] DEBUG org.hibernate.cfg.Settings - Second-level query cache: disabled
14:06:30.081 [main] DEBUG org.hibernate.cfg.Settings - Second-level query cache factory: null
14:06:30.081 [main] DEBUG org.hibernate.cfg.Settings - Second-level cache region prefix: null
14:06:30.081 [main] DEBUG org.hibernate.cfg.Settings - Optimize second-level cache for minimal puts: disabled
14:06:30.081 [main] DEBUG org.hibernate.cfg.Settings - Structured second-level cache entries: disabled
14:06:30.081 [main] DEBUG org.hibernate.cfg.Settings - Second-level cache direct-reference entries: disabled
14:06:30.081 [main] DEBUG org.hibernate.cfg.Settings - Automatic eviction of collection cache: disabled
14:06:30.081 [main] DEBUG org.hibernate.cfg.Settings - JDBC batch size: 15
14:06:30.081 [main] DEBUG org.hibernate.cfg.Settings - JDBC batch updates for versioned data: enabled
14:06:30.081 [main] DEBUG org.hibernate.cfg.Settings - Scrollable result sets: enabled
14:06:30.081 [main] DEBUG org.hibernate.cfg.Settings - Wrap result sets: disabled
14:06:30.081 [main] DEBUG org.hibernate.cfg.Settings - JDBC3 getGeneratedKeys(): enabled
14:06:30.081 [main] DEBUG org.hibernate.cfg.Settings - JDBC result set fetch size: null
14:06:30.081 [main] DEBUG org.hibernate.cfg.Settings - Connection release mode: ON_CLOSE
14:06:30.081 [main] DEBUG org.hibernate.cfg.Settings - Generate SQL with comments: disabled
14:06:30.081 [main] DEBUG org.hibernate.cfg.Settings - JPA compliance - query : 
14:06:30.081 [main] DEBUG org.hibernate.cfg.Settings - JPA compliance - closed-handling : 
14:06:30.081 [main] DEBUG org.hibernate.cfg.Settings - JPA compliance - lists : 
14:06:30.081 [main] DEBUG org.hibernate.cfg.Settings - JPA compliance - transactions : 
14:06:30.083 [main] DEBUG org.hibernate.internal.SessionFactoryImpl - Session factory constructed with filter configurations : {}
14:06:30.083 [main] DEBUG org.hibernate.internal.SessionFactoryImpl - Instantiating session factory with properties: {gopherProxySet=false, hibernate.format_sql=true, awt.toolkit=sun.lwawt.macosx.LWCToolkit, file.encoding.pkg=sun.io, java.specification.version=1.8, sun.cpu.isalist=, hibernate.resource.beans.container=org.springframework.orm.hibernate5.SpringBeanContainer@42505474, hibernate.connection.handling_mode=DELAYED_ACQUISITION_AND_HOLD, sun.jnu.encoding=UTF-8, hibernate.dialect=org.hibernate.dialect.MySQL5Dialect, java.class.path=/Users/Stoic_Colony/Documents/GitHub/Korera/target/test-classes:/Users/Stoic_Colony/Documents/GitHub/Korera/target/classes:/Users/Stoic_Colony/Documents/API/maven/repository/org/springframework/spring-context/5.2.2.RELEASE/spring-context-5.2.2.RELEASE.jar:/Users/Stoic_Colony/Documents/API/maven/repository/org/springframework/spring-aop/5.2.2.RELEASE/spring-aop-5.2.2.RELEASE.jar:/Users/Stoic_Colony/Documents/API/maven/repository/org/springframework/spring-beans/5.2.2.RELEASE/spring-beans-5.2.2.RELEASE.jar:/Users/Stoic_Colony/Documents/API/maven/repository/org/springframework/spring-core/5.2.2.RELEASE/spring-core-5.2.2.RELEASE.jar:/Users/Stoic_Colony/Documents/API/maven/repository/org/springframework/spring-jcl/5.2.2.RELEASE/spring-jcl-5.2.2.RELEASE.jar:/Users/Stoic_Colony/Documents/API/maven/repository/org/springframework/spring-expression/5.2.2.RELEASE/spring-expression-5.2.2.RELEASE.jar:/Users/Stoic_Colony/Documents/API/maven/repository/org/springframework/spring-web/5.2.2.RELEASE/spring-web-5.2.2.RELEASE.jar:/Users/Stoic_Colony/Documents/API/maven/repository/org/springframework/spring-webmvc/5.2.2.RELEASE/spring-webmvc-5.2.2.RELEASE.jar:/Users/Stoic_Colony/Documents/API/maven/repository/org/springframework/spring-orm/5.2.2.RELEASE/spring-orm-5.2.2.RELEASE.jar:/Users/Stoic_Colony/Documents/API/maven/repository/org/springframework/spring-jdbc/5.2.2.RELEASE/spring-jdbc-5.2.2.RELEASE.jar:/Users/Stoic_Colony/Documents/API/maven/repository/org/springframework/spring-tx/5.2.2.RELEASE/spring-tx-5.2.2.RELEASE.jar:/Users/Stoic_Colony/Documents/API/maven/repository/org/springframework/data/spring-data-jpa/2.2.3.RELEASE/spring-data-jpa-2.2.3.RELEASE.jar:/Users/Stoic_Colony/Documents/API/maven/repository/org/springframework/data/spring-data-commons/2.2.3.RELEASE/spring-data-commons-2.2.3.RELEASE.jar:/Users/Stoic_Colony/Documents/API/maven/repository/org/aspectj/aspectjrt/1.9.5/aspectjrt-1.9.5.jar:/Users/Stoic_Colony/Documents/API/maven/repository/org/springframework/spring-test/5.2.2.RELEASE/spring-test-5.2.2.RELEASE.jar:/Users/Stoic_Colony/Documents/API/maven/repository/org/hibernate/hibernate-core/5.4.9.Final/hibernate-core-5.4.9.Final.jar:/Users/Stoic_Colony/Documents/API/maven/repository/org/jboss/logging/jboss-logging/3.3.2.Final/jboss-logging-3.3.2.Final.jar:/Users/Stoic_Colony/Documents/API/maven/repository/javax/persistence/javax.persistence-api/2.2/javax.persistence-api-2.2.jar:/Users/Stoic_Colony/Documents/API/maven/repository/org/javassist/javassist/3.24.0-GA/javassist-3.24.0-GA.jar:/Users/Stoic_Colony/Documents/API/maven/repository/net/bytebuddy/byte-buddy/1.10.2/byte-buddy-1.10.2.jar:/Users/Stoic_Colony/Documents/API/maven/repository/antlr/antlr/2.7.7/antlr-2.7.7.jar:/Users/Stoic_Colony/Documents/API/maven/repository/org/jboss/spec/javax/transaction/jboss-transaction-api_1.2_spec/1.1.1.Final/jboss-transaction-api_1.2_spec-1.1.1.Final.jar:/Users/Stoic_Colony/Documents/API/maven/repository/org/jboss/jandex/2.1.1.Final/jandex-2.1.1.Final.jar:/Users/Stoic_Colony/Documents/API/maven/repository/com/fasterxml/classmate/1.5.1/classmate-1.5.1.jar:/Users/Stoic_Colony/Documents/API/maven/repository/javax/activation/javax.activation-api/1.2.0/javax.activation-api-1.2.0.jar:/Users/Stoic_Colony/Documents/API/maven/repository/org/dom4j/dom4j/2.1.1/dom4j-2.1.1.jar:/Users/Stoic_Colony/Documents/API/maven/repository/org/hibernate/common/hibernate-commons-annotations/5.1.0.Final/hibernate-commons-annotations-5.1.0.Final.jar:/Users/Stoic_Colony/Documents/API/maven/repository/javax/xml/bind/jaxb-api/2.3.1/jaxb-api-2.3.1.jar:/Users/Stoic_Colony/Documents/API/maven/repository/org/glassfish/jaxb/jaxb-runtime/2.3.1/jaxb-runtime-2.3.1.jar:/Users/Stoic_Colony/Documents/API/maven/repository/org/glassfish/jaxb/txw2/2.3.1/txw2-2.3.1.jar:/Users/Stoic_Colony/Documents/API/maven/repository/com/sun/istack/istack-commons-runtime/3.0.7/istack-commons-runtime-3.0.7.jar:/Users/Stoic_Colony/Documents/API/maven/repository/org/jvnet/staxex/stax-ex/1.8/stax-ex-1.8.jar:/Users/Stoic_Colony/Documents/API/maven/repository/com/sun/xml/fastinfoset/FastInfoset/1.2.15/FastInfoset-1.2.15.jar:/Users/Stoic_Colony/Documents/API/maven/repository/org/hibernate/hibernate-entitymanager/5.4.9.Final/hibernate-entitymanager-5.4.9.Final.jar:/Users/Stoic_Colony/Documents/API/maven/repository/org/hibernate/hibernate-c3p0/5.4.9.Final/hibernate-c3p0-5.4.9.Final.jar:/Users/Stoic_Colony/Documents/API/maven/repository/com/mchange/c3p0/0.9.5.3/c3p0-0.9.5.3.jar:/Users/Stoic_Colony/Documents/API/maven/repository/com/mchange/mchange-commons-java/0.2.15/mchange-commons-java-0.2.15.jar:/Users/Stoic_Colony/Documents/API/maven/repository/javax/servlet/servlet-api/2.5/servlet-api-2.5.jar:/Users/Stoic_Colony/Documents/API/maven/repository/javax/servlet/jsp/jsp-api/2.2/jsp-api-2.2.jar:/Users/Stoic_Colony/Documents/API/maven/repository/javax/servlet/jstl/1.2/jstl-1.2.jar:/Users/Stoic_Colony/Documents/API/maven/repository/mysql/mysql-connector-java/8.0.15/mysql-connector-java-8.0.15.jar:/Users/Stoic_Colony/Documents/API/maven/repository/com/google/protobuf/protobuf-java/3.6.1/protobuf-java-3.6.1.jar:/Users/Stoic_Colony/Documents/API/maven/repository/junit/junit/4.12/junit-4.12.jar:/Users/Stoic_Colony/Documents/API/maven/repository/org/hamcrest/hamcrest-core/1.3/hamcrest-core-1.3.jar:/Users/Stoic_Colony/Documents/API/maven/repository/org/slf4j/slf4j-api/1.7.21/slf4j-api-1.7.21.jar:/Users/Stoic_Colony/Documents/API/maven/repository/ch/qos/logback/logback-core/1.1.7/logback-core-1.1.7.jar:/Users/Stoic_Colony/Documents/API/maven/repository/ch/qos/logback/logback-classic/1.1.7/logback-classic-1.1.7.jar:/Users/Stoic_Colony/Documents/API/maven/repository/com/fasterxml/jackson/core/jackson-core/2.10.1/jackson-core-2.10.1.jar:/Users/Stoic_Colony/Documents/API/maven/repository/com/fasterxml/jackson/core/jackson-databind/2.10.1/jackson-databind-2.10.1.jar:/Users/Stoic_Colony/Documents/API/maven/repository/com/fasterxml/jackson/core/jackson-annotations/2.10.1/jackson-annotations-2.10.1.jar:, java.vm.vendor=Oracle Corporation, sun.arch.data.model=64, java.vendor.url=http://java.oracle.com/, user.timezone=America/New_York, user.country.format=CN, os.name=Mac OS X, java.vm.specification.version=1.8, sun.java.launcher=SUN_STANDARD, user.country=US, sun.boot.library.path=/Library/Java/JavaVirtualMachines/jdk1.8.0_131.jdk/Contents/Home/jre/lib, sun.java.command=/Users/Stoic_Colony/Documents/GitHub/Korera/target/surefire/surefirebooter8181297195345152401.jar /Users/Stoic_Colony/Documents/GitHub/Korera/target/surefire 2020-01-07T14-06-20_441-jvmRun1 surefire956635466295228770tmp surefire_04291116704129765107tmp, http.nonProxyHosts=local|*.local|169.254/16|*.169.254/16, surefire.test.class.path=/Users/Stoic_Colony/Documents/GitHub/Korera/target/test-classes:/Users/Stoic_Colony/Documents/GitHub/Korera/target/classes:/Users/Stoic_Colony/Documents/API/maven/repository/org/springframework/spring-context/5.2.2.RELEASE/spring-context-5.2.2.RELEASE.jar:/Users/Stoic_Colony/Documents/API/maven/repository/org/springframework/spring-aop/5.2.2.RELEASE/spring-aop-5.2.2.RELEASE.jar:/Users/Stoic_Colony/Documents/API/maven/repository/org/springframework/spring-beans/5.2.2.RELEASE/spring-beans-5.2.2.RELEASE.jar:/Users/Stoic_Colony/Documents/API/maven/repository/org/springframework/spring-core/5.2.2.RELEASE/spring-core-5.2.2.RELEASE.jar:/Users/Stoic_Colony/Documents/API/maven/repository/org/springframework/spring-jcl/5.2.2.RELEASE/spring-jcl-5.2.2.RELEASE.jar:/Users/Stoic_Colony/Documents/API/maven/repository/org/springframework/spring-expression/5.2.2.RELEASE/spring-expression-5.2.2.RELEASE.jar:/Users/Stoic_Colony/Documents/API/maven/repository/org/springframework/spring-web/5.2.2.RELEASE/spring-web-5.2.2.RELEASE.jar:/Users/Stoic_Colony/Documents/API/maven/repository/org/springframework/spring-webmvc/5.2.2.RELEASE/spring-webmvc-5.2.2.RELEASE.jar:/Users/Stoic_Colony/Documents/API/maven/repository/org/springframework/spring-orm/5.2.2.RELEASE/spring-orm-5.2.2.RELEASE.jar:/Users/Stoic_Colony/Documents/API/maven/repository/org/springframework/spring-jdbc/5.2.2.RELEASE/spring-jdbc-5.2.2.RELEASE.jar:/Users/Stoic_Colony/Documents/API/maven/repository/org/springframework/spring-tx/5.2.2.RELEASE/spring-tx-5.2.2.RELEASE.jar:/Users/Stoic_Colony/Documents/API/maven/repository/org/springframework/data/spring-data-jpa/2.2.3.RELEASE/spring-data-jpa-2.2.3.RELEASE.jar:/Users/Stoic_Colony/Documents/API/maven/repository/org/springframework/data/spring-data-commons/2.2.3.RELEASE/spring-data-commons-2.2.3.RELEASE.jar:/Users/Stoic_Colony/Documents/API/maven/repository/org/aspectj/aspectjrt/1.9.5/aspectjrt-1.9.5.jar:/Users/Stoic_Colony/Documents/API/maven/repository/org/springframework/spring-test/5.2.2.RELEASE/spring-test-5.2.2.RELEASE.jar:/Users/Stoic_Colony/Documents/API/maven/repository/org/hibernate/hibernate-core/5.4.9.Final/hibernate-core-5.4.9.Final.jar:/Users/Stoic_Colony/Documents/API/maven/repository/org/jboss/logging/jboss-logging/3.3.2.Final/jboss-logging-3.3.2.Final.jar:/Users/Stoic_Colony/Documents/API/maven/repository/javax/persistence/javax.persistence-api/2.2/javax.persistence-api-2.2.jar:/Users/Stoic_Colony/Documents/API/maven/repository/org/javassist/javassist/3.24.0-GA/javassist-3.24.0-GA.jar:/Users/Stoic_Colony/Documents/API/maven/repository/net/bytebuddy/byte-buddy/1.10.2/byte-buddy-1.10.2.jar:/Users/Stoic_Colony/Documents/API/maven/repository/antlr/antlr/2.7.7/antlr-2.7.7.jar:/Users/Stoic_Colony/Documents/API/maven/repository/org/jboss/spec/javax/transaction/jboss-transaction-api_1.2_spec/1.1.1.Final/jboss-transaction-api_1.2_spec-1.1.1.Final.jar:/Users/Stoic_Colony/Documents/API/maven/repository/org/jboss/jandex/2.1.1.Final/jandex-2.1.1.Final.jar:/Users/Stoic_Colony/Documents/API/maven/repository/com/fasterxml/classmate/1.5.1/classmate-1.5.1.jar:/Users/Stoic_Colony/Documents/API/maven/repository/javax/activation/javax.activation-api/1.2.0/javax.activation-api-1.2.0.jar:/Users/Stoic_Colony/Documents/API/maven/repository/org/dom4j/dom4j/2.1.1/dom4j-2.1.1.jar:/Users/Stoic_Colony/Documents/API/maven/repository/org/hibernate/common/hibernate-commons-annotations/5.1.0.Final/hibernate-commons-annotations-5.1.0.Final.jar:/Users/Stoic_Colony/Documents/API/maven/repository/javax/xml/bind/jaxb-api/2.3.1/jaxb-api-2.3.1.jar:/Users/Stoic_Colony/Documents/API/maven/repository/org/glassfish/jaxb/jaxb-runtime/2.3.1/jaxb-runtime-2.3.1.jar:/Users/Stoic_Colony/Documents/API/maven/repository/org/glassfish/jaxb/txw2/2.3.1/txw2-2.3.1.jar:/Users/Stoic_Colony/Documents/API/maven/repository/com/sun/istack/istack-commons-runtime/3.0.7/istack-commons-runtime-3.0.7.jar:/Users/Stoic_Colony/Documents/API/maven/repository/org/jvnet/staxex/stax-ex/1.8/stax-ex-1.8.jar:/Users/Stoic_Colony/Documents/API/maven/repository/com/sun/xml/fastinfoset/FastInfoset/1.2.15/FastInfoset-1.2.15.jar:/Users/Stoic_Colony/Documents/API/maven/repository/org/hibernate/hibernate-entitymanager/5.4.9.Final/hibernate-entitymanager-5.4.9.Final.jar:/Users/Stoic_Colony/Documents/API/maven/repository/org/hibernate/hibernate-c3p0/5.4.9.Final/hibernate-c3p0-5.4.9.Final.jar:/Users/Stoic_Colony/Documents/API/maven/repository/com/mchange/c3p0/0.9.5.3/c3p0-0.9.5.3.jar:/Users/Stoic_Colony/Documents/API/maven/repository/com/mchange/mchange-commons-java/0.2.15/mchange-commons-java-0.2.15.jar:/Users/Stoic_Colony/Documents/API/maven/repository/javax/servlet/servlet-api/2.5/servlet-api-2.5.jar:/Users/Stoic_Colony/Documents/API/maven/repository/javax/servlet/jsp/jsp-api/2.2/jsp-api-2.2.jar:/Users/Stoic_Colony/Documents/API/maven/repository/javax/servlet/jstl/1.2/jstl-1.2.jar:/Users/Stoic_Colony/Documents/API/maven/repository/mysql/mysql-connector-java/8.0.15/mysql-connector-java-8.0.15.jar:/Users/Stoic_Colony/Documents/API/maven/repository/com/google/protobuf/protobuf-java/3.6.1/protobuf-java-3.6.1.jar:/Users/Stoic_Colony/Documents/API/maven/repository/junit/junit/4.12/junit-4.12.jar:/Users/Stoic_Colony/Documents/API/maven/repository/org/hamcrest/hamcrest-core/1.3/hamcrest-core-1.3.jar:/Users/Stoic_Colony/Documents/API/maven/repository/org/slf4j/slf4j-api/1.7.21/slf4j-api-1.7.21.jar:/Users/Stoic_Colony/Documents/API/maven/repository/ch/qos/logback/logback-core/1.1.7/logback-core-1.1.7.jar:/Users/Stoic_Colony/Documents/API/maven/repository/ch/qos/logback/logback-classic/1.1.7/logback-classic-1.1.7.jar:/Users/Stoic_Colony/Documents/API/maven/repository/com/fasterxml/jackson/core/jackson-core/2.10.1/jackson-core-2.10.1.jar:/Users/Stoic_Colony/Documents/API/maven/repository/com/fasterxml/jackson/core/jackson-databind/2.10.1/jackson-databind-2.10.1.jar:/Users/Stoic_Colony/Documents/API/maven/repository/com/fasterxml/jackson/core/jackson-annotations/2.10.1/jackson-annotations-2.10.1.jar:, sun.cpu.endian=little, user.home=/Users/Stoic_Colony, user.language=en, java.specification.vendor=Oracle Corporation, java.home=/Library/Java/JavaVirtualMachines/jdk1.8.0_131.jdk/Contents/Home/jre, file.separator=/, basedir=/Users/Stoic_Colony/Documents/GitHub/Korera, line.separator=
, java.vm.specification.vendor=Oracle Corporation, java.specification.name=Java Platform API Specification, java.awt.graphicsenv=sun.awt.CGraphicsEnvironment, surefire.real.class.path=/Users/Stoic_Colony/Documents/GitHub/Korera/target/surefire/surefirebooter8181297195345152401.jar, sun.boot.class.path=/Library/Java/JavaVirtualMachines/jdk1.8.0_131.jdk/Contents/Home/jre/lib/resources.jar:/Library/Java/JavaVirtualMachines/jdk1.8.0_131.jdk/Contents/Home/jre/lib/rt.jar:/Library/Java/JavaVirtualMachines/jdk1.8.0_131.jdk/Contents/Home/jre/lib/sunrsasign.jar:/Library/Java/JavaVirtualMachines/jdk1.8.0_131.jdk/Contents/Home/jre/lib/jsse.jar:/Library/Java/JavaVirtualMachines/jdk1.8.0_131.jdk/Contents/Home/jre/lib/jce.jar:/Library/Java/JavaVirtualMachines/jdk1.8.0_131.jdk/Contents/Home/jre/lib/charsets.jar:/Library/Java/JavaVirtualMachines/jdk1.8.0_131.jdk/Contents/Home/jre/lib/jfr.jar:/Library/Java/JavaVirtualMachines/jdk1.8.0_131.jdk/Contents/Home/jre/classes, hibernate.hbm2ddl.auto=update, sun.management.compiler=HotSpot 64-Bit Tiered Compilers, ftp.nonProxyHosts=local|*.local|169.254/16|*.169.254/16, java.runtime.version=1.8.0_131-b11, user.name=Stoic_Colony, path.separator=:, os.version=10.14.3, java.endorsed.dirs=/Library/Java/JavaVirtualMachines/jdk1.8.0_131.jdk/Contents/Home/jre/lib/endorsed, java.runtime.name=Java(TM) SE Runtime Environment, file.encoding=UTF-8, java.vm.name=Java HotSpot(TM) 64-Bit Server VM, hibernate.show_sql=true, hibernate.classLoaders=[sun.misc.Launcher$AppClassLoader@28d93b30], hibernate.current_session_context_class=thread, localRepository=/Users/Stoic_Colony/Documents/API/maven/repository, java.vendor.url.bug=http://bugreport.sun.com/bugreport/, java.io.tmpdir=/var/folders/l_/1d9_1r6j3tb2wm87bdfsvz880000gn/T/, idea.version=2018.1.1, java.version=1.8.0_131, user.dir=/Users/Stoic_Colony/Documents/GitHub/Korera, os.arch=x86_64, java.vm.specification.name=Java Virtual Machine Specification, java.awt.printerjob=sun.lwawt.macosx.CPrinterJob, sun.os.patch.level=unknown, hibernate.boot.CfgXmlAccessService.key=org.hibernate.boot.cfgxml.spi.LoadedConfig@7b477141, java.library.path=/Users/Stoic_Colony/Library/Java/Extensions:/Library/Java/Extensions:/Network/Library/Java/Extensions:/System/Library/Java/Extensions:/usr/lib/java:., java.vendor=Oracle Corporation, java.vm.info=mixed mode, java.vm.version=25.131-b11, hibernate.bytecode.use_reflection_optimizer=false, hibernate.connection.datasource=com.mchange.v2.c3p0.ComboPooledDataSource[ identityToken -> 1hge16ta7zwjqz1tf7pwg|6a1d6ef2, dataSourceName -> 1hge16ta7zwjqz1tf7pwg|6a1d6ef2 ], sun.io.unicode.encoding=UnicodeBig, java.ext.dirs=/Users/Stoic_Colony/Library/Java/Extensions:/Library/Java/JavaVirtualMachines/jdk1.8.0_131.jdk/Contents/Home/jre/lib/ext:/Library/Java/Extensions:/Network/Library/Java/Extensions:/System/Library/Java/Extensions:/usr/lib/java, maven.repo.local=/Users/Stoic_Colony/Documents/API/maven/repository, java.class.version=52.0, socksNonProxyHosts=local|*.local|169.254/16|*.169.254/16}
14:06:30.084 [main] DEBUG org.hibernate.secure.spi.JaccIntegrator - Skipping JACC integration as it was not enabled
14:06:30.084 [main] DEBUG org.hibernate.internal.SessionFactoryImpl - Instantiated session factory
14:06:30.084 [main] DEBUG org.hibernate.type.spi.TypeConfiguration$Scope - Scoping TypeConfiguration [org.hibernate.type.spi.TypeConfiguration@6e0e5dec] to SessionFactoryImpl [org.hibernate.internal.SessionFactoryImpl@784223e9]
14:06:30.084 [main] DEBUG org.hibernate.boot.internal.ClassLoaderAccessImpl - Not known whether passed class name [com.itlize.Korera.entities.User] is safe
14:06:30.084 [main] DEBUG org.hibernate.boot.internal.ClassLoaderAccessImpl - No temp ClassLoader provided; using live ClassLoader for loading potentially unsafe class : com.itlize.Korera.entities.User
14:06:30.084 [main] DEBUG org.hibernate.boot.internal.ClassLoaderAccessImpl - Not known whether passed class name [com.itlize.Korera.entities.User] is safe
14:06:30.084 [main] DEBUG org.hibernate.boot.internal.ClassLoaderAccessImpl - No temp ClassLoader provided; using live ClassLoader for loading potentially unsafe class : com.itlize.Korera.entities.User
14:06:30.085 [main] DEBUG org.hibernate.boot.internal.ClassLoaderAccessImpl - Not known whether passed class name [com.itlize.Korera.entities.Project] is safe
14:06:30.087 [main] DEBUG org.hibernate.boot.internal.ClassLoaderAccessImpl - No temp ClassLoader provided; using live ClassLoader for loading potentially unsafe class : com.itlize.Korera.entities.Project
14:06:30.087 [main] DEBUG org.hibernate.boot.internal.ClassLoaderAccessImpl - Not known whether passed class name [com.itlize.Korera.entities.Project] is safe
14:06:30.087 [main] DEBUG org.hibernate.boot.internal.ClassLoaderAccessImpl - No temp ClassLoader provided; using live ClassLoader for loading potentially unsafe class : com.itlize.Korera.entities.Project
14:06:30.088 [main] DEBUG org.hibernate.persister.entity.AbstractEntityPersister - Static SQL for entity: com.itlize.Korera.entities.User
14:06:30.088 [main] DEBUG org.hibernate.persister.entity.AbstractEntityPersister -  Version select: select user_Id from User where user_Id =?
14:06:30.088 [main] DEBUG org.hibernate.persister.entity.AbstractEntityPersister -  Snapshot select: select user_.user_Id, user_.icon as icon2_1_, user_.join_date as join_dat3_1_, user_.password as password4_1_, user_.project_id as project_5_1_, user_.user_name as user_nam6_1_ from User user_ where user_.user_Id=?
14:06:30.088 [main] DEBUG org.hibernate.persister.entity.AbstractEntityPersister -  Insert 0: insert into User (icon, join_date, password, project_id, user_name, user_Id) values (?, ?, ?, ?, ?, ?)
14:06:30.088 [main] DEBUG org.hibernate.persister.entity.AbstractEntityPersister -  Update 0: update User set icon=?, join_date=?, password=?, project_id=?, user_name=? where user_Id=?
14:06:30.088 [main] DEBUG org.hibernate.persister.entity.AbstractEntityPersister -  Delete 0: delete from User where user_Id=?
14:06:30.088 [main] DEBUG org.hibernate.loader.plan.build.internal.spaces.QuerySpacesImpl - Adding QuerySpace : uid = <gen:0> -> org.hibernate.loader.plan.build.internal.spaces.EntityQuerySpaceImpl@a83495d]
14:06:30.088 [main] DEBUG org.hibernate.persister.walking.spi.MetamodelGraphWalker - Visiting attribute path : icon
14:06:30.088 [main] DEBUG org.hibernate.persister.walking.spi.MetamodelGraphWalker - Visiting attribute path : join_date
14:06:30.088 [main] DEBUG org.hibernate.persister.walking.spi.MetamodelGraphWalker - Visiting attribute path : password
14:06:30.088 [main] DEBUG org.hibernate.persister.walking.spi.MetamodelGraphWalker - Visiting attribute path : project_id
14:06:30.088 [main] DEBUG org.hibernate.persister.walking.spi.MetamodelGraphWalker - Visiting attribute path : user_name
14:06:30.088 [main] DEBUG org.hibernate.loader.plan.build.internal.FetchStyleLoadPlanBuildingAssociationVisitationStrategy - Building LoadPlan...
14:06:30.089 [main] DEBUG org.hibernate.loader.plan.exec.internal.LoadQueryJoinAndFetchProcessor - processing queryspace <gen:0>
14:06:30.089 [main] DEBUG org.hibernate.loader.plan.build.spi.LoadPlanTreePrinter - LoadPlan(entity=com.itlize.Korera.entities.User)
    - Returns
       - EntityReturnImpl(entity=com.itlize.Korera.entities.User, querySpaceUid=<gen:0>, path=com.itlize.Korera.entities.User)
    - QuerySpaces
       - EntityQuerySpaceImpl(uid=<gen:0>, entity=com.itlize.Korera.entities.User)
          - SQL table alias mapping - user0_
          - alias suffix - 0_
          - suffixed key columns - {user_Id1_1_0_}

14:06:30.089 [main] DEBUG org.hibernate.loader.entity.plan.EntityLoader - Static select for entity com.itlize.Korera.entities.User [NONE]: select user0_.user_Id as user_Id1_1_0_, user0_.icon as icon2_1_0_, user0_.join_date as join_dat3_1_0_, user0_.password as password4_1_0_, user0_.project_id as project_5_1_0_, user0_.user_name as user_nam6_1_0_ from User user0_ where user0_.user_Id=?
14:06:30.089 [main] DEBUG org.hibernate.loader.plan.build.internal.spaces.QuerySpacesImpl - Adding QuerySpace : uid = <gen:0> -> org.hibernate.loader.plan.build.internal.spaces.EntityQuerySpaceImpl@4364863]
14:06:30.089 [main] DEBUG org.hibernate.persister.walking.spi.MetamodelGraphWalker - Visiting attribute path : icon
14:06:30.089 [main] DEBUG org.hibernate.persister.walking.spi.MetamodelGraphWalker - Visiting attribute path : join_date
14:06:30.089 [main] DEBUG org.hibernate.persister.walking.spi.MetamodelGraphWalker - Visiting attribute path : password
14:06:30.089 [main] DEBUG org.hibernate.persister.walking.spi.MetamodelGraphWalker - Visiting attribute path : project_id
14:06:30.089 [main] DEBUG org.hibernate.persister.walking.spi.MetamodelGraphWalker - Visiting attribute path : user_name
14:06:30.089 [main] DEBUG org.hibernate.loader.plan.build.internal.FetchStyleLoadPlanBuildingAssociationVisitationStrategy - Building LoadPlan...
14:06:30.089 [main] DEBUG org.hibernate.loader.plan.exec.internal.LoadQueryJoinAndFetchProcessor - processing queryspace <gen:0>
14:06:30.090 [main] DEBUG org.hibernate.loader.plan.build.spi.LoadPlanTreePrinter - LoadPlan(entity=com.itlize.Korera.entities.User)
    - Returns
       - EntityReturnImpl(entity=com.itlize.Korera.entities.User, querySpaceUid=<gen:0>, path=com.itlize.Korera.entities.User)
    - QuerySpaces
       - EntityQuerySpaceImpl(uid=<gen:0>, entity=com.itlize.Korera.entities.User)
          - SQL table alias mapping - user0_
          - alias suffix - 0_
          - suffixed key columns - {user_Id1_1_0_}

14:06:30.092 [main] DEBUG org.hibernate.loader.entity.plan.EntityLoader - Static select for entity com.itlize.Korera.entities.User [READ]: select user0_.user_Id as user_Id1_1_0_, user0_.icon as icon2_1_0_, user0_.join_date as join_dat3_1_0_, user0_.password as password4_1_0_, user0_.project_id as project_5_1_0_, user0_.user_name as user_nam6_1_0_ from User user0_ where user0_.user_Id=?
14:06:30.094 [main] DEBUG org.hibernate.loader.Loader - Static select for action ACTION_MERGE on entity com.itlize.Korera.entities.User: select user0_.user_Id as user_Id1_1_0_, user0_.icon as icon2_1_0_, user0_.join_date as join_dat3_1_0_, user0_.password as password4_1_0_, user0_.project_id as project_5_1_0_, user0_.user_name as user_nam6_1_0_ from User user0_ where user0_.user_Id=?
14:06:30.094 [main] DEBUG org.hibernate.loader.Loader - Static select for action ACTION_REFRESH on entity com.itlize.Korera.entities.User: select user0_.user_Id as user_Id1_1_0_, user0_.icon as icon2_1_0_, user0_.join_date as join_dat3_1_0_, user0_.password as password4_1_0_, user0_.project_id as project_5_1_0_, user0_.user_name as user_nam6_1_0_ from User user0_ where user0_.user_Id=?
14:06:30.094 [main] DEBUG org.hibernate.persister.entity.AbstractEntityPersister - Static SQL for entity: com.itlize.Korera.entities.Project
14:06:30.094 [main] DEBUG org.hibernate.persister.entity.AbstractEntityPersister -  Version select: select project_id from Project where project_id =?
14:06:30.094 [main] DEBUG org.hibernate.persister.entity.AbstractEntityPersister -  Snapshot select: select project_.project_id, project_.project_name as project_2_0_, project_.user_id as user_id3_0_ from Project project_ where project_.project_id=?
14:06:30.094 [main] DEBUG org.hibernate.persister.entity.AbstractEntityPersister -  Insert 0: insert into Project (project_name, user_id, project_id) values (?, ?, ?)
14:06:30.094 [main] DEBUG org.hibernate.persister.entity.AbstractEntityPersister -  Update 0: update Project set project_name=?, user_id=? where project_id=?
14:06:30.095 [main] DEBUG org.hibernate.persister.entity.AbstractEntityPersister -  Delete 0: delete from Project where project_id=?
14:06:30.095 [main] DEBUG org.hibernate.loader.plan.build.internal.spaces.QuerySpacesImpl - Adding QuerySpace : uid = <gen:0> -> org.hibernate.loader.plan.build.internal.spaces.EntityQuerySpaceImpl@267cde2e]
14:06:30.095 [main] DEBUG org.hibernate.persister.walking.spi.MetamodelGraphWalker - Visiting attribute path : project_name
14:06:30.095 [main] DEBUG org.hibernate.persister.walking.spi.MetamodelGraphWalker - Visiting attribute path : user_id
14:06:30.095 [main] DEBUG org.hibernate.loader.plan.build.internal.FetchStyleLoadPlanBuildingAssociationVisitationStrategy - Building LoadPlan...
14:06:30.095 [main] DEBUG org.hibernate.loader.plan.exec.internal.LoadQueryJoinAndFetchProcessor - processing queryspace <gen:0>
14:06:30.095 [main] DEBUG org.hibernate.loader.plan.build.spi.LoadPlanTreePrinter - LoadPlan(entity=com.itlize.Korera.entities.Project)
    - Returns
       - EntityReturnImpl(entity=com.itlize.Korera.entities.Project, querySpaceUid=<gen:0>, path=com.itlize.Korera.entities.Project)
    - QuerySpaces
       - EntityQuerySpaceImpl(uid=<gen:0>, entity=com.itlize.Korera.entities.Project)
          - SQL table alias mapping - project0_
          - alias suffix - 0_
          - suffixed key columns - {project_1_0_0_}

14:06:30.095 [main] DEBUG org.hibernate.loader.entity.plan.EntityLoader - Static select for entity com.itlize.Korera.entities.Project [NONE]: select project0_.project_id as project_1_0_0_, project0_.project_name as project_2_0_0_, project0_.user_id as user_id3_0_0_ from Project project0_ where project0_.project_id=?
14:06:30.095 [main] DEBUG org.hibernate.loader.plan.build.internal.spaces.QuerySpacesImpl - Adding QuerySpace : uid = <gen:0> -> org.hibernate.loader.plan.build.internal.spaces.EntityQuerySpaceImpl@56dd6efa]
14:06:30.095 [main] DEBUG org.hibernate.persister.walking.spi.MetamodelGraphWalker - Visiting attribute path : project_name
14:06:30.095 [main] DEBUG org.hibernate.persister.walking.spi.MetamodelGraphWalker - Visiting attribute path : user_id
14:06:30.095 [main] DEBUG org.hibernate.loader.plan.build.internal.FetchStyleLoadPlanBuildingAssociationVisitationStrategy - Building LoadPlan...
14:06:30.096 [main] DEBUG org.hibernate.loader.plan.exec.internal.LoadQueryJoinAndFetchProcessor - processing queryspace <gen:0>
14:06:30.096 [main] DEBUG org.hibernate.loader.plan.build.spi.LoadPlanTreePrinter - LoadPlan(entity=com.itlize.Korera.entities.Project)
    - Returns
       - EntityReturnImpl(entity=com.itlize.Korera.entities.Project, querySpaceUid=<gen:0>, path=com.itlize.Korera.entities.Project)
    - QuerySpaces
       - EntityQuerySpaceImpl(uid=<gen:0>, entity=com.itlize.Korera.entities.Project)
          - SQL table alias mapping - project0_
          - alias suffix - 0_
          - suffixed key columns - {project_1_0_0_}

14:06:30.096 [main] DEBUG org.hibernate.loader.entity.plan.EntityLoader - Static select for entity com.itlize.Korera.entities.Project [READ]: select project0_.project_id as project_1_0_0_, project0_.project_name as project_2_0_0_, project0_.user_id as user_id3_0_0_ from Project project0_ where project0_.project_id=?
14:06:30.096 [main] DEBUG org.hibernate.loader.Loader - Static select for action ACTION_MERGE on entity com.itlize.Korera.entities.Project: select project0_.project_id as project_1_0_0_, project0_.project_name as project_2_0_0_, project0_.user_id as user_id3_0_0_ from Project project0_ where project0_.project_id=?
14:06:30.096 [main] DEBUG org.hibernate.loader.Loader - Static select for action ACTION_REFRESH on entity com.itlize.Korera.entities.Project: select project0_.project_id as project_1_0_0_, project0_.project_name as project_2_0_0_, project0_.user_id as user_id3_0_0_ from Project project0_ where project0_.project_id=?
14:06:30.117 [main] DEBUG org.hibernate.mapping.Table - No alter strings for table : Project
14:06:30.127 [main] DEBUG org.hibernate.mapping.Table - No alter strings for table : hibernate_sequence
14:06:30.128 [main] DEBUG org.hibernate.mapping.Table - No alter strings for table : User
14:06:30.128 [main] DEBUG org.hibernate.query.spi.NamedQueryRepository - Checking 0 named HQL queries
14:06:30.128 [main] DEBUG org.hibernate.query.spi.NamedQueryRepository - Checking 0 named SQL queries
14:06:30.128 [main] DEBUG org.hibernate.internal.SessionFactoryRegistry - Registering SessionFactory: 6c11455b-4cc9-4279-a494-3f59aff096a5 (<unnamed>)
14:06:30.128 [main] DEBUG org.hibernate.internal.SessionFactoryRegistry - Not binding SessionFactory to JNDI, no JNDI name configured
14:06:30.141 [main] DEBUG org.hibernate.stat.internal.StatisticsInitiator - Statistics initialized [enabled=false]
14:06:30.143 [main] DEBUG org.hibernate.engine.transaction.internal.TransactionImpl - On TransactionImpl creation, JpaCompliance#isJpaTransactionComplianceEnabled == false
14:06:30.143 [main] DEBUG org.hibernate.engine.transaction.internal.TransactionImpl - begin
14:06:30.158 [main] DEBUG org.hibernate.SQL - 
    select
        user0_.user_Id as user_Id1_1_0_,
        user0_.icon as icon2_1_0_,
        user0_.join_date as join_dat3_1_0_,
        user0_.password as password4_1_0_,
        user0_.project_id as project_5_1_0_,
        user0_.user_name as user_nam6_1_0_ 
    from
        User user0_ 
    where
        user0_.user_Id=?
Hibernate: 
    select
        user0_.user_Id as user_Id1_1_0_,
        user0_.icon as icon2_1_0_,
        user0_.join_date as join_dat3_1_0_,
        user0_.password as password4_1_0_,
        user0_.project_id as project_5_1_0_,
        user0_.user_name as user_nam6_1_0_ 
    from
        User user0_ 
    where
        user0_.user_Id=?
14:06:30.166 [main] DEBUG org.hibernate.loader.entity.plan.AbstractLoadPlanBasedEntityLoader - Done entity load : com.itlize.Korera.entities.User#1
14:06:30.167 [main] DEBUG org.hibernate.engine.transaction.internal.TransactionImpl - committing
14:06:30.167 [main] DEBUG org.hibernate.resource.transaction.internal.SynchronizationRegistryStandardImpl - Clearing local Synchronizations
]]></system-out>
  </testcase>
  <testcase name="addUserTest" classname="com.itlize.Korera.dao.UserDaoTest" time="10.672"/>
  <testcase name="listUsersTest" classname="com.itlize.Korera.dao.UserDaoTest" time="0.143">
    <error message="org.hibernate.PropertyAccessException: Null value was assigned to a property [class com.itlize.Korera.entities.User.project_id] of primitive type setter of com.itlize.Korera.entities.User.project_id" type="javax.persistence.PersistenceException">javax.persistence.PersistenceException: org.hibernate.PropertyAccessException: Null value was assigned to a property [class com.itlize.Korera.entities.User.project_id] of primitive type setter of com.itlize.Korera.entities.User.project_id
	at com.itlize.Korera.dao.UserDaoTest.listUsersTest(UserDaoTest.java:66)
Caused by: org.hibernate.PropertyAccessException: Null value was assigned to a property [class com.itlize.Korera.entities.User.project_id] of primitive type setter of com.itlize.Korera.entities.User.project_id
	at com.itlize.Korera.dao.UserDaoTest.listUsersTest(UserDaoTest.java:66)
Caused by: java.lang.IllegalArgumentException: Can not set int field com.itlize.Korera.entities.User.project_id to null value
	at com.itlize.Korera.dao.UserDaoTest.listUsersTest(UserDaoTest.java:66)
</error>
    <system-out><![CDATA[14:06:31.975 [main] DEBUG org.springframework.context.support.ClassPathXmlApplicationContext - Refreshing org.springframework.context.support.ClassPathXmlApplicationContext@29fe4840
14:06:32.087 [main] DEBUG org.springframework.context.annotation.ClassPathBeanDefinitionScanner - Identified candidate component class: file [/Users/Stoic_Colony/Documents/GitHub/Korera/target/classes/com/itlize/Korera/dao/impl/ProjectDaoImpl.class]
14:06:32.088 [main] DEBUG org.springframework.context.annotation.ClassPathBeanDefinitionScanner - Identified candidate component class: file [/Users/Stoic_Colony/Documents/GitHub/Korera/target/classes/com/itlize/Korera/dao/impl/UserDaoImpl.class]
14:06:32.089 [main] DEBUG org.springframework.context.annotation.ClassPathBeanDefinitionScanner - Identified candidate component class: file [/Users/Stoic_Colony/Documents/GitHub/Korera/target/classes/com/itlize/Korera/service/impl/ProjectServicesImpl.class]
14:06:32.096 [main] DEBUG org.springframework.beans.factory.xml.XmlBeanDefinitionReader - Loaded 19 bean definitions from class path resource [config/applicationContext.xml]
14:06:32.098 [main] DEBUG org.springframework.beans.factory.support.DefaultListableBeanFactory - Creating shared instance of singleton bean 'org.springframework.context.annotation.internalConfigurationAnnotationProcessor'
14:06:32.111 [main] DEBUG org.springframework.beans.factory.support.DefaultListableBeanFactory - Creating shared instance of singleton bean 'org.springframework.context.support.PropertySourcesPlaceholderConfigurer#0'
14:06:32.112 [main] DEBUG org.springframework.core.env.PropertySourcesPropertyResolver - Found key 'jdbc.url' in PropertySource 'localProperties' with value of type String
[...]
14:06:32.374 [main] DEBUG org.hibernate.loader.Loader - Result set row: 53
14:06:32.374 [main] DEBUG org.hibernate.loader.Loader - Result row: EntityKey[com.itlize.Korera.entities.User#54]
14:06:32.375 [main] DEBUG org.hibernate.loader.Loader - Result set row: 54
14:06:32.375 [main] DEBUG org.hibernate.loader.Loader - Result row: EntityKey[com.itlize.Korera.entities.User#55]
14:06:32.375 [main] DEBUG org.hibernate.loader.Loader - Result set row: 55
14:06:32.375 [main] DEBUG org.hibernate.loader.Loader - Result row: EntityKey[com.itlize.Korera.entities.User#56]
14:06:32.376 [main] DEBUG org.hibernate.loader.Loader - Result set row: 56
14:06:32.376 [main] DEBUG org.hibernate.loader.Loader - Result row: EntityKey[com.itlize.Korera.entities.User#57]
14:06:32.376 [main] DEBUG org.hibernate.loader.Loader - Result set row: 57
14:06:32.376 [main] DEBUG org.hibernate.loader.Loader - Result row: EntityKey[com.itlize.Korera.entities.User#58]
14:06:32.376 [main] DEBUG org.hibernate.loader.Loader - Result set row: 58
14:06:32.376 [main] DEBUG org.hibernate.loader.Loader - Result row: EntityKey[com.itlize.Korera.entities.User#59]
14:06:32.376 [main] DEBUG org.hibernate.loader.Loader - Result set row: 59
14:06:32.376 [main] DEBUG org.hibernate.loader.Loader - Result row: EntityKey[com.itlize.Korera.entities.User#60]
14:06:32.377 [main] DEBUG org.hibernate.loader.Loader - Result set row: 60
14:06:32.377 [main] DEBUG org.hibernate.loader.Loader - Result row: EntityKey[com.itlize.Korera.entities.User#61]
14:06:32.377 [main] DEBUG org.hibernate.loader.Loader - Result set row: 61
14:06:32.377 [main] DEBUG org.hibernate.loader.Loader - Result row: EntityKey[com.itlize.Korera.entities.User#62]
14:06:32.378 [main] DEBUG org.hibernate.loader.Loader - Result set row: 62
14:06:32.378 [main] DEBUG org.hibernate.loader.Loader - Result row: EntityKey[com.itlize.Korera.entities.User#63]
14:06:32.378 [main] DEBUG org.hibernate.loader.Loader - Result set row: 63
14:06:32.378 [main] DEBUG org.hibernate.loader.Loader - Result row: EntityKey[com.itlize.Korera.entities.User#64]
14:06:32.378 [main] DEBUG org.hibernate.loader.Loader - Result set row: 64
14:06:32.378 [main] DEBUG org.hibernate.loader.Loader - Result row: EntityKey[com.itlize.Korera.entities.User#65]
14:06:32.378 [main] DEBUG org.hibernate.loader.Loader - Result set row: 65
14:06:32.378 [main] DEBUG org.hibernate.loader.Loader - Result row: EntityKey[com.itlize.Korera.entities.User#66]
14:06:32.381 [main] DEBUG org.hibernate.loader.Loader - Result set row: 66
14:06:32.381 [main] DEBUG org.hibernate.loader.Loader - Result row: EntityKey[com.itlize.Korera.entities.User#67]
14:06:32.381 [main] DEBUG org.hibernate.loader.Loader - Result set row: 67
14:06:32.381 [main] DEBUG org.hibernate.loader.Loader - Result row: EntityKey[com.itlize.Korera.entities.User#68]
14:06:32.381 [main] DEBUG org.hibernate.loader.Loader - Result set row: 68
14:06:32.381 [main] DEBUG org.hibernate.loader.Loader - Result row: EntityKey[com.itlize.Korera.entities.User#69]
14:06:32.382 [main] DEBUG org.hibernate.loader.Loader - Result set row: 69
14:06:32.382 [main] DEBUG org.hibernate.loader.Loader - Result row: EntityKey[com.itlize.Korera.entities.User#70]
14:06:32.382 [main] DEBUG org.hibernate.loader.Loader - Result set row: 70
14:06:32.382 [main] DEBUG org.hibernate.loader.Loader - Result row: EntityKey[com.itlize.Korera.entities.User#71]
14:06:32.382 [main] DEBUG org.hibernate.loader.Loader - Result set row: 71
14:06:32.382 [main] DEBUG org.hibernate.loader.Loader - Result row: EntityKey[com.itlize.Korera.entities.User#72]
14:06:32.382 [main] DEBUG org.hibernate.loader.Loader - Result set row: 72
14:06:32.382 [main] DEBUG org.hibernate.loader.Loader - Result row: EntityKey[com.itlize.Korera.entities.User#73]
14:06:32.382 [main] DEBUG org.hibernate.loader.Loader - Result set row: 73
14:06:32.382 [main] DEBUG org.hibernate.loader.Loader - Result row: EntityKey[com.itlize.Korera.entities.User#74]
14:06:32.383 [main] DEBUG org.hibernate.loader.Loader - Result set row: 74
14:06:32.383 [main] DEBUG org.hibernate.loader.Loader - Result row: EntityKey[com.itlize.Korera.entities.User#75]
14:06:32.383 [main] DEBUG org.hibernate.loader.Loader - Result set row: 75
14:06:32.383 [main] DEBUG org.hibernate.loader.Loader - Result row: EntityKey[com.itlize.Korera.entities.User#76]
14:06:32.383 [main] DEBUG org.hibernate.loader.Loader - Result set row: 76
14:06:32.383 [main] DEBUG org.hibernate.loader.Loader - Result row: EntityKey[com.itlize.Korera.entities.User#77]
14:06:32.383 [main] DEBUG org.hibernate.loader.Loader - Result set row: 77
14:06:32.383 [main] DEBUG org.hibernate.loader.Loader - Result row: EntityKey[com.itlize.Korera.entities.User#78]
14:06:32.383 [main] DEBUG org.hibernate.loader.Loader - Result set row: 78
14:06:32.383 [main] DEBUG org.hibernate.loader.Loader - Result row: EntityKey[com.itlize.Korera.entities.User#79]
14:06:32.383 [main] DEBUG org.hibernate.loader.Loader - Result set row: 79
14:06:32.383 [main] DEBUG org.hibernate.loader.Loader - Result row: EntityKey[com.itlize.Korera.entities.User#80]
14:06:32.384 [main] DEBUG org.hibernate.loader.Loader - Result set row: 80
14:06:32.384 [main] DEBUG org.hibernate.loader.Loader - Result row: EntityKey[com.itlize.Korera.entities.User#81]
14:06:32.384 [main] DEBUG org.hibernate.loader.Loader - Result set row: 81
14:06:32.384 [main] DEBUG org.hibernate.loader.Loader - Result row: EntityKey[com.itlize.Korera.entities.User#82]
14:06:32.384 [main] DEBUG org.hibernate.loader.Loader - Result set row: 82
14:06:32.384 [main] DEBUG org.hibernate.loader.Loader - Result row: EntityKey[com.itlize.Korera.entities.User#83]
14:06:32.384 [main] DEBUG org.hibernate.loader.Loader - Result set row: 83
14:06:32.384 [main] DEBUG org.hibernate.loader.Loader - Result row: EntityKey[com.itlize.Korera.entities.User#84]
14:06:32.384 [main] DEBUG org.hibernate.loader.Loader - Result set row: 84
14:06:32.384 [main] DEBUG org.hibernate.loader.Loader - Result row: EntityKey[com.itlize.Korera.entities.User#85]
14:06:32.384 [main] DEBUG org.hibernate.loader.Loader - Result set row: 85
14:06:32.384 [main] DEBUG org.hibernate.loader.Loader - Result row: EntityKey[com.itlize.Korera.entities.User#86]
14:06:32.385 [main] DEBUG org.hibernate.loader.Loader - Result set row: 86
14:06:32.385 [main] DEBUG org.hibernate.loader.Loader - Result row: EntityKey[com.itlize.Korera.entities.User#87]
14:06:32.385 [main] DEBUG org.hibernate.loader.Loader - Result set row: 87
14:06:32.385 [main] DEBUG org.hibernate.loader.Loader - Result row: EntityKey[com.itlize.Korera.entities.User#88]
14:06:32.385 [main] DEBUG org.hibernate.loader.Loader - Result set row: 88
14:06:32.385 [main] DEBUG org.hibernate.loader.Loader - Result row: EntityKey[com.itlize.Korera.entities.User#89]
14:06:32.385 [main] DEBUG org.hibernate.loader.Loader - Result set row: 89
14:06:32.385 [main] DEBUG org.hibernate.loader.Loader - Result row: EntityKey[com.itlize.Korera.entities.User#90]
14:06:32.385 [main] DEBUG org.hibernate.loader.Loader - Result set row: 90
14:06:32.385 [main] DEBUG org.hibernate.loader.Loader - Result row: EntityKey[com.itlize.Korera.entities.User#91]
14:06:32.392 [main] DEBUG org.hibernate.loader.Loader - Result set row: 91
14:06:32.392 [main] DEBUG org.hibernate.loader.Loader - Result row: EntityKey[com.itlize.Korera.entities.User#92]
14:06:32.392 [main] DEBUG org.hibernate.loader.Loader - Result set row: 92
14:06:32.392 [main] DEBUG org.hibernate.loader.Loader - Result row: EntityKey[com.itlize.Korera.entities.User#93]
14:06:32.392 [main] DEBUG org.hibernate.loader.Loader - Result set row: 93
14:06:32.393 [main] DEBUG org.hibernate.loader.Loader - Result row: EntityKey[com.itlize.Korera.entities.User#94]
14:06:32.393 [main] DEBUG org.hibernate.loader.Loader - Result set row: 94
14:06:32.393 [main] DEBUG org.hibernate.loader.Loader - Result row: EntityKey[com.itlize.Korera.entities.User#95]
14:06:32.393 [main] DEBUG org.hibernate.loader.Loader - Result set row: 95
14:06:32.393 [main] DEBUG org.hibernate.loader.Loader - Result row: EntityKey[com.itlize.Korera.entities.User#96]
14:06:32.393 [main] DEBUG org.hibernate.loader.Loader - Result set row: 96
14:06:32.393 [main] DEBUG org.hibernate.loader.Loader - Result row: EntityKey[com.itlize.Korera.entities.User#97]
14:06:32.393 [main] DEBUG org.hibernate.loader.Loader - Result set row: 97
14:06:32.393 [main] DEBUG org.hibernate.loader.Loader - Result row: EntityKey[com.itlize.Korera.entities.User#98]
14:06:32.394 [main] DEBUG org.hibernate.loader.Loader - Result set row: 98
14:06:32.394 [main] DEBUG org.hibernate.loader.Loader - Result row: EntityKey[com.itlize.Korera.entities.User#99]
14:06:32.394 [main] DEBUG org.hibernate.loader.Loader - Result set row: 99
14:06:32.394 [main] DEBUG org.hibernate.loader.Loader - Result row: EntityKey[com.itlize.Korera.entities.User#100]
14:06:32.394 [main] DEBUG org.hibernate.loader.Loader - Result set row: 100
14:06:32.394 [main] DEBUG org.hibernate.loader.Loader - Result row: EntityKey[com.itlize.Korera.entities.User#101]
14:06:32.394 [main] DEBUG org.hibernate.engine.internal.TwoPhaseLoad - Resolving attributes for [com.itlize.Korera.entities.User#1]
14:06:32.394 [main] DEBUG org.hibernate.engine.internal.TwoPhaseLoad - Processing attribute `icon` : value = User Icon 1
14:06:32.394 [main] DEBUG org.hibernate.engine.internal.TwoPhaseLoad - Attribute (`icon`)  - enhanced for lazy-loading? - false
14:06:32.394 [main] DEBUG org.hibernate.engine.internal.TwoPhaseLoad - Processing attribute `join_date` : value = 1969-12-31
14:06:32.394 [main] DEBUG org.hibernate.engine.internal.TwoPhaseLoad - Attribute (`join_date`)  - enhanced for lazy-loading? - false
14:06:32.395 [main] DEBUG org.hibernate.engine.internal.TwoPhaseLoad - Processing attribute `password` : value = password1
14:06:32.395 [main] DEBUG org.hibernate.engine.internal.TwoPhaseLoad - Attribute (`password`)  - enhanced for lazy-loading? - false
14:06:32.395 [main] DEBUG org.hibernate.engine.internal.TwoPhaseLoad - Processing attribute `project_id` : value = 1
14:06:32.395 [main] DEBUG org.hibernate.engine.internal.TwoPhaseLoad - Attribute (`project_id`)  - enhanced for lazy-loading? - false
14:06:32.395 [main] DEBUG org.hibernate.engine.internal.TwoPhaseLoad - Processing attribute `user_name` : value = Username1
14:06:32.395 [main] DEBUG org.hibernate.engine.internal.TwoPhaseLoad - Attribute (`user_name`)  - enhanced for lazy-loading? - false
14:06:32.395 [main] DEBUG org.hibernate.engine.internal.TwoPhaseLoad - Done materializing entity [com.itlize.Korera.entities.User#1]
14:06:32.395 [main] DEBUG org.hibernate.engine.internal.TwoPhaseLoad - Resolving attributes for [com.itlize.Korera.entities.User#2]
14:06:32.395 [main] DEBUG org.hibernate.engine.internal.TwoPhaseLoad - Processing attribute `icon` : value = User Icon 2
14:06:32.396 [main] DEBUG org.hibernate.engine.internal.TwoPhaseLoad - Attribute (`icon`)  - enhanced for lazy-loading? - false
14:06:32.396 [main] DEBUG org.hibernate.engine.internal.TwoPhaseLoad - Processing attribute `join_date` : value = 1969-12-31
14:06:32.396 [main] DEBUG org.hibernate.engine.internal.TwoPhaseLoad - Attribute (`join_date`)  - enhanced for lazy-loading? - false
14:06:32.396 [main] DEBUG org.hibernate.engine.internal.TwoPhaseLoad - Processing attribute `password` : value = password2
14:06:32.396 [main] DEBUG org.hibernate.engine.internal.TwoPhaseLoad - Attribute (`password`)  - enhanced for lazy-loading? - false
14:06:32.396 [main] DEBUG org.hibernate.engine.internal.TwoPhaseLoad - Processing attribute `project_id` : value = 1
14:06:32.396 [main] DEBUG org.hibernate.engine.internal.TwoPhaseLoad - Attribute (`project_id`)  - enhanced for lazy-loading? - false
14:06:32.396 [main] DEBUG org.hibernate.engine.internal.TwoPhaseLoad - Processing attribute `user_name` : value = Username2
14:06:32.396 [main] DEBUG org.hibernate.engine.internal.TwoPhaseLoad - Attribute (`user_name`)  - enhanced for lazy-loading? - false
14:06:32.396 [main] DEBUG org.hibernate.engine.internal.TwoPhaseLoad - Done materializing entity [com.itlize.Korera.entities.User#2]
14:06:32.396 [main] DEBUG org.hibernate.engine.internal.TwoPhaseLoad - Resolving attributes for [com.itlize.Korera.entities.User#3]
14:06:32.396 [main] DEBUG org.hibernate.engine.internal.TwoPhaseLoad - Processing attribute `icon` : value = User Icon 3
14:06:32.396 [main] DEBUG org.hibernate.engine.internal.TwoPhaseLoad - Attribute (`icon`)  - enhanced for lazy-loading? - false
14:06:32.396 [main] DEBUG org.hibernate.engine.internal.TwoPhaseLoad - Processing attribute `join_date` : value = 1969-12-31
14:06:32.396 [main] DEBUG org.hibernate.engine.internal.TwoPhaseLoad - Attribute (`join_date`)  - enhanced for lazy-loading? - false
14:06:32.396 [main] DEBUG org.hibernate.engine.internal.TwoPhaseLoad - Processing attribute `password` : value = password3
14:06:32.396 [main] DEBUG org.hibernate.engine.internal.TwoPhaseLoad - Attribute (`password`)  - enhanced for lazy-loading? - false
14:06:32.396 [main] DEBUG org.hibernate.engine.internal.TwoPhaseLoad - Processing attribute `project_id` : value = 1
14:06:32.396 [main] DEBUG org.hibernate.engine.internal.TwoPhaseLoad - Attribute (`project_id`)  - enhanced for lazy-loading? - false
14:06:32.396 [main] DEBUG org.hibernate.engine.internal.TwoPhaseLoad - Processing attribute `user_name` : value = Username3
14:06:32.396 [main] DEBUG org.hibernate.engine.internal.TwoPhaseLoad - Attribute (`user_name`)  - enhanced for lazy-loading? - false
14:06:32.396 [main] DEBUG org.hibernate.engine.internal.TwoPhaseLoad - Done materializing entity [com.itlize.Korera.entities.User#3]
14:06:32.396 [main] DEBUG org.hibernate.engine.internal.TwoPhaseLoad - Resolving attributes for [com.itlize.Korera.entities.User#4]
14:06:32.396 [main] DEBUG org.hibernate.engine.internal.TwoPhaseLoad - Processing attribute `icon` : value = User Icon 4
14:06:32.396 [main] DEBUG org.hibernate.engine.internal.TwoPhaseLoad - Attribute (`icon`)  - enhanced for lazy-loading? - false
14:06:32.396 [main] DEBUG org.hibernate.engine.internal.TwoPhaseLoad - Processing attribute `join_date` : value = 1969-12-31
14:06:32.396 [main] DEBUG org.hibernate.engine.internal.TwoPhaseLoad - Attribute (`join_date`)  - enhanced for lazy-loading? - false
14:06:32.396 [main] DEBUG org.hibernate.engine.internal.TwoPhaseLoad - Processing attribute `password` : value = password4
14:06:32.396 [main] DEBUG org.hibernate.engine.internal.TwoPhaseLoad - Attribute (`password`)  - enhanced for lazy-loading? - false
14:06:32.396 [main] DEBUG org.hibernate.engine.internal.TwoPhaseLoad - Processing attribute `project_id` : value = 1
14:06:32.396 [main] DEBUG org.hibernate.engine.internal.TwoPhaseLoad - Attribute (`project_id`)  - enhanced for lazy-loading? - false
14:06:32.396 [main] DEBUG org.hibernate.engine.internal.TwoPhaseLoad - Processing attribute `user_name` : value = Username4
14:06:32.396 [main] DEBUG org.hibernate.engine.internal.TwoPhaseLoad - Attribute (`user_name`)  - enhanced for lazy-loading? - false
14:06:32.396 [main] DEBUG org.hibernate.engine.internal.TwoPhaseLoad - Done materializing entity [com.itlize.Korera.entities.User#4]
14:06:32.396 [main] DEBUG org.hibernate.engine.internal.TwoPhaseLoad - Resolving attributes for [com.itlize.Korera.entities.User#5]
14:06:32.396 [main] DEBUG org.hibernate.engine.internal.TwoPhaseLoad - Processing attribute `icon` : value = null
14:06:32.396 [main] DEBUG org.hibernate.engine.internal.TwoPhaseLoad - Attribute (`icon`)  - enhanced for lazy-loading? - false
14:06:32.396 [main] DEBUG org.hibernate.engine.internal.TwoPhaseLoad - Processing attribute `join_date` : value = 2020-01-01
14:06:32.397 [main] DEBUG org.hibernate.engine.internal.TwoPhaseLoad - Attribute (`join_date`)  - enhanced for lazy-loading? - false
14:06:32.397 [main] DEBUG org.hibernate.engine.internal.TwoPhaseLoad - Processing attribute `password` : value = 12345
14:06:32.397 [main] DEBUG org.hibernate.engine.internal.TwoPhaseLoad - Attribute (`password`)  - enhanced for lazy-loading? - false
14:06:32.397 [main] DEBUG org.hibernate.engine.internal.TwoPhaseLoad - Processing attribute `project_id` : value = null
14:06:32.397 [main] DEBUG org.hibernate.engine.internal.TwoPhaseLoad - Attribute (`project_id`)  - enhanced for lazy-loading? - false
14:06:32.397 [main] DEBUG org.hibernate.engine.internal.TwoPhaseLoad - Processing attribute `user_name` : value = xiaoming
14:06:32.397 [main] DEBUG org.hibernate.engine.internal.TwoPhaseLoad - Attribute (`user_name`)  - enhanced for lazy-loading? - false
14:06:32.397 [main] DEBUG org.hibernate.resource.transaction.backend.jdbc.internal.JdbcResourceLocalTransactionCoordinatorImpl - JDBC transaction marked for rollback-only (exception provided for stack trace)
java.lang.Exception: exception just for purpose of providing stack trace
	at org.hibernate.resource.transaction.backend.jdbc.internal.JdbcResourceLocalTransactionCoordinatorImpl$TransactionDriverControlImpl.markRollbackOnly(JdbcResourceLocalTransactionCoordinatorImpl.java:324)
	at org.hibernate.engine.transaction.internal.TransactionImpl.markRollbackOnly(TransactionImpl.java:203)
	at org.hibernate.internal.AbstractSharedSessionContract.markForRollbackOnly(AbstractSharedSessionContract.java:392)
	at org.hibernate.internal.ExceptionConverterImpl.handlePersistenceException(ExceptionConverterImpl.java:297)
	at org.hibernate.internal.ExceptionConverterImpl.convert(ExceptionConverterImpl.java:155)
	at org.hibernate.query.internal.AbstractProducedQuery.list(AbstractProducedQuery.java:1535)
	at com.itlize.Korera.dao.impl.UserDaoImpl.listUsers(UserDaoImpl.java:78)
	at com.itlize.Korera.dao.UserDaoTest.listUsersTest(UserDaoTest.java:66)
	at sun.reflect.NativeMethodAccessorImpl.invoke0(Native Method)
	at sun.reflect.NativeMethodAccessorImpl.invoke(NativeMethodAccessorImpl.java:62)
	at sun.reflect.DelegatingMethodAccessorImpl.invoke(DelegatingMethodAccessorImpl.java:43)
	at java.lang.reflect.Method.invoke(Method.java:498)
	at org.junit.runners.model.FrameworkMethod$1.runReflectiveCall(FrameworkMethod.java:50)
	at org.junit.internal.runners.model.ReflectiveCallable.run(ReflectiveCallable.java:12)
	at org.junit.runners.model.FrameworkMethod.invokeExplosively(FrameworkMethod.java:47)
	at org.junit.internal.runners.statements.InvokeMethod.evaluate(InvokeMethod.java:17)
	at org.junit.runners.ParentRunner.runLeaf(ParentRunner.java:325)
	at org.junit.runners.BlockJUnit4ClassRunner.runChild(BlockJUnit4ClassRunner.java:78)
	at org.junit.runners.BlockJUnit4ClassRunner.runChild(BlockJUnit4ClassRunner.java:57)
	at org.junit.runners.ParentRunner$3.run(ParentRunner.java:290)
	at org.junit.runners.ParentRunner$1.schedule(ParentRunner.java:71)
	at org.junit.runners.ParentRunner.runChildren(ParentRunner.java:288)
	at org.junit.runners.ParentRunner.access$000(ParentRunner.java:58)
	at org.junit.runners.ParentRunner$2.evaluate(ParentRunner.java:268)
	at org.junit.runners.ParentRunner.run(ParentRunner.java:363)
	at org.apache.maven.surefire.junit4.JUnit4Provider.execute(JUnit4Provider.java:365)
	at org.apache.maven.surefire.junit4.JUnit4Provider.executeWithRerun(JUnit4Provider.java:273)
	at org.apache.maven.surefire.junit4.JUnit4Provider.executeTestSet(JUnit4Provider.java:238)
	at org.apache.maven.surefire.junit4.JUnit4Provider.invoke(JUnit4Provider.java:159)
	at org.apache.maven.surefire.booter.ForkedBooter.invokeProviderInSameClassLoader(ForkedBooter.java:384)
	at org.apache.maven.surefire.booter.ForkedBooter.runSuitesInProcess(ForkedBooter.java:345)
	at org.apache.maven.surefire.booter.ForkedBooter.execute(ForkedBooter.java:126)
	at org.apache.maven.surefire.booter.ForkedBooter.main(ForkedBooter.java:418)
]]></system-out>
  </testcase>
  <testcase name="saveOrUpdateUserTest" classname="com.itlize.Korera.dao.UserDaoTest" time="0.008"/>
  <testcase name="updateUserTest" classname="com.itlize.Korera.dao.UserDaoTest" time="0.004"/>
</testsuite>